[debug] [2020-08-14T03:33:52.227Z] ----------------------------------------------------------------------
[debug] [2020-08-14T03:33:52.229Z] Command:       C:\Program Files\nodejs\node.exe C:\Users\xxeno\AppData\Roaming\npm\node_modules\firebase-tools\lib\bin\firebase.js deploy --only functions
[debug] [2020-08-14T03:33:52.229Z] CLI Version:   8.7.0
[debug] [2020-08-14T03:33:52.229Z] Platform:      win32
[debug] [2020-08-14T03:33:52.229Z] Node Version:  v12.17.0
[debug] [2020-08-14T03:33:52.230Z] Time:          Thu Aug 13 2020 23:33:52 GMT-0400 (GMT-04:00)
[debug] [2020-08-14T03:33:52.230Z] ----------------------------------------------------------------------
[debug] [2020-08-14T03:33:52.230Z] 
[debug] [2020-08-14T03:33:52.237Z] > command requires scopes: ["email","openid","https://www.googleapis.com/auth/cloudplatformprojects.readonly","https://www.googleapis.com/auth/firebase","https://www.googleapis.com/auth/cloud-platform"]
[debug] [2020-08-14T03:33:52.237Z] > authorizing via signed-in user
[debug] [2020-08-14T03:33:52.237Z] [iam] checking project cryptourls for permissions ["cloudfunctions.functions.create","cloudfunctions.functions.delete","cloudfunctions.functions.get","cloudfunctions.functions.list","cloudfunctions.functions.update","cloudfunctions.operations.get","firebase.projects.get"]
[debug] [2020-08-14T03:33:52.239Z] >>> HTTP REQUEST POST https://cloudresourcemanager.googleapis.com/v1/projects/cryptourls:testIamPermissions  
 {"permissions":["cloudfunctions.functions.create","cloudfunctions.functions.delete","cloudfunctions.functions.get","cloudfunctions.functions.list","cloudfunctions.functions.update","cloudfunctions.operations.get","firebase.projects.get"]}
[debug] [2020-08-14T03:33:52.426Z] <<< HTTP RESPONSE 200 {"content-type":"application/json; charset=UTF-8","vary":"X-Origin, Referer, Origin,Accept-Encoding","date":"Fri, 14 Aug 2020 03:33:49 GMT","server":"ESF","cache-control":"private","x-xss-protection":"0","x-frame-options":"SAMEORIGIN","x-content-type-options":"nosniff","server-timing":"gfet4t7; dur=57","alt-svc":"h3-29=\":443\"; ma=2592000,h3-27=\":443\"; ma=2592000,h3-T050=\":443\"; ma=2592000,h3-Q050=\":443\"; ma=2592000,h3-Q046=\":443\"; ma=2592000,h3-Q043=\":443\"; ma=2592000,quic=\":443\"; ma=2592000; v=\"46,43\"","accept-ranges":"none","transfer-encoding":"chunked"}
[debug] [2020-08-14T03:33:52.427Z] >>> HTTP REQUEST POST https://iam.googleapis.com/v1/projects/cryptourls/serviceAccounts/cryptourls@appspot.gserviceaccount.com:testIamPermissions  
 {"permissions":["iam.serviceAccounts.actAs"]}
[debug] [2020-08-14T03:33:52.601Z] <<< HTTP RESPONSE 200 {"content-type":"application/json; charset=UTF-8","vary":"X-Origin, Referer, Origin,Accept-Encoding","date":"Fri, 14 Aug 2020 03:33:50 GMT","server":"ESF","cache-control":"private","x-xss-protection":"0","x-frame-options":"SAMEORIGIN","x-content-type-options":"nosniff","alt-svc":"h3-29=\":443\"; ma=2592000,h3-27=\":443\"; ma=2592000,h3-T050=\":443\"; ma=2592000,h3-Q050=\":443\"; ma=2592000,h3-Q046=\":443\"; ma=2592000,h3-Q043=\":443\"; ma=2592000,quic=\":443\"; ma=2592000; v=\"46,43\"","accept-ranges":"none","transfer-encoding":"chunked"}
[warn] !  functions: package.json indicates an outdated version of firebase-functions.
Please upgrade using npm install --save firebase-functions@latest in your functions directory. 
[info] 
[info] === Deploying to 'cryptourls'...
[info] 
[info] i  deploying functions 
[info] Running command: npm --prefix "$RESOURCE_DIR" run lint
[info] +  functions: Finished running predeploy script. 
[debug] [2020-08-14T03:33:57.192Z] > [functions] package.json contents: {
  "name": "functions",
  "description": "Cloud Functions for Firebase",
  "scripts": {
    "lint": "eslint .",
    "serve": "firebase emulators:start --only functions",
    "shell": "firebase functions:shell",
    "start": "npm run shell",
    "deploy": "firebase deploy --only functions",
    "logs": "firebase functions:log"
  },
  "engines": {
    "node": "10"
  },
  "dependencies": {
    "algoliasearch": "^4.2.0",
    "cors": "^2.8.5",
    "express": "^4.17.1",
    "firebase-admin": "^8.13.0",
    "firebase-functions": "^3.7.0"
  },
  "devDependencies": {
    "eslint": "^5.12.0",
    "eslint-plugin-promise": "^4.0.1",
    "firebase-functions-test": "^0.2.0"
  },
  "private": true
}
[info] i  functions: ensuring required API cloudfunctions.googleapis.com is enabled... 
[info] i  functions: ensuring required API cloudbuild.googleapis.com is enabled... 
[debug] [2020-08-14T03:33:58.513Z] >>> HTTP REQUEST GET https://serviceusage.googleapis.com/v1/projects/cryptourls/services/cloudfunctions.googleapis.com  
 
[debug] [2020-08-14T03:33:58.514Z] >>> HTTP REQUEST GET https://serviceusage.googleapis.com/v1/projects/cryptourls/services/runtimeconfig.googleapis.com  
 
[debug] [2020-08-14T03:33:58.514Z] >>> HTTP REQUEST GET https://serviceusage.googleapis.com/v1/projects/cryptourls/services/cloudbuild.googleapis.com  
 
[debug] [2020-08-14T03:33:58.847Z] <<< HTTP RESPONSE 200 {"content-type":"application/json; charset=UTF-8","vary":"X-Origin, Referer, Origin,Accept-Encoding","date":"Fri, 14 Aug 2020 03:33:56 GMT","server":"ESF","cache-control":"private","x-xss-protection":"0","x-frame-options":"SAMEORIGIN","x-content-type-options":"nosniff","alt-svc":"h3-29=\":443\"; ma=2592000,h3-27=\":443\"; ma=2592000,h3-T050=\":443\"; ma=2592000,h3-Q050=\":443\"; ma=2592000,h3-Q046=\":443\"; ma=2592000,h3-Q043=\":443\"; ma=2592000,quic=\":443\"; ma=2592000; v=\"46,43\"","accept-ranges":"none","transfer-encoding":"chunked"}
[debug] [2020-08-14T03:33:58.898Z] <<< HTTP RESPONSE 200 {"content-type":"application/json; charset=UTF-8","vary":"X-Origin, Referer, Origin,Accept-Encoding","date":"Fri, 14 Aug 2020 03:33:56 GMT","server":"ESF","cache-control":"private","x-xss-protection":"0","x-frame-options":"SAMEORIGIN","x-content-type-options":"nosniff","alt-svc":"h3-29=\":443\"; ma=2592000,h3-27=\":443\"; ma=2592000,h3-T050=\":443\"; ma=2592000,h3-Q050=\":443\"; ma=2592000,h3-Q046=\":443\"; ma=2592000,h3-Q043=\":443\"; ma=2592000,quic=\":443\"; ma=2592000; v=\"46,43\"","accept-ranges":"none","transfer-encoding":"chunked"}
[info] +  functions: required API cloudbuild.googleapis.com is enabled 
[debug] [2020-08-14T03:33:58.914Z] <<< HTTP RESPONSE 200 {"content-type":"application/json; charset=UTF-8","vary":"X-Origin, Referer, Origin,Accept-Encoding","date":"Fri, 14 Aug 2020 03:33:56 GMT","server":"ESF","cache-control":"private","x-xss-protection":"0","x-frame-options":"SAMEORIGIN","x-content-type-options":"nosniff","alt-svc":"h3-29=\":443\"; ma=2592000,h3-27=\":443\"; ma=2592000,h3-T050=\":443\"; ma=2592000,h3-Q050=\":443\"; ma=2592000,h3-Q046=\":443\"; ma=2592000,h3-Q043=\":443\"; ma=2592000,quic=\":443\"; ma=2592000; v=\"46,43\"","accept-ranges":"none","transfer-encoding":"chunked"}
[info] +  functions: required API cloudfunctions.googleapis.com is enabled 
[debug] [2020-08-14T03:33:58.915Z] >>> HTTP REQUEST GET https://firebase.googleapis.com/v1beta1/projects/cryptourls/adminSdkConfig  
 
[debug] [2020-08-14T03:33:59.183Z] <<< HTTP RESPONSE 200 {"content-type":"application/json; charset=UTF-8","vary":"X-Origin, Referer, Origin,Accept-Encoding","date":"Fri, 14 Aug 2020 03:33:56 GMT","server":"ESF","cache-control":"private","x-xss-protection":"0","x-frame-options":"SAMEORIGIN","x-content-type-options":"nosniff","alt-svc":"h3-29=\":443\"; ma=2592000,h3-27=\":443\"; ma=2592000,h3-T050=\":443\"; ma=2592000,h3-Q050=\":443\"; ma=2592000,h3-Q046=\":443\"; ma=2592000,h3-Q043=\":443\"; ma=2592000,quic=\":443\"; ma=2592000; v=\"46,43\"","accept-ranges":"none","transfer-encoding":"chunked"}
[info] i  functions: preparing functions directory for uploading... 
[debug] [2020-08-14T03:33:59.185Z] >>> HTTP REQUEST GET https://runtimeconfig.googleapis.com/v1beta1/projects/cryptourls/configs  
 
[debug] [2020-08-14T03:33:59.694Z] <<< HTTP RESPONSE 200 {"content-type":"application/json; charset=UTF-8","vary":"X-Origin, Referer, Origin,Accept-Encoding","date":"Fri, 14 Aug 2020 03:33:57 GMT","server":"ESF","cache-control":"private","x-xss-protection":"0","x-frame-options":"SAMEORIGIN","x-content-type-options":"nosniff","alt-svc":"h3-29=\":443\"; ma=2592000,h3-27=\":443\"; ma=2592000,h3-T050=\":443\"; ma=2592000,h3-Q050=\":443\"; ma=2592000,h3-Q046=\":443\"; ma=2592000,h3-Q043=\":443\"; ma=2592000,quic=\":443\"; ma=2592000; v=\"46,43\"","accept-ranges":"none","transfer-encoding":"chunked"}
[debug] [2020-08-14T03:33:59.695Z] >>> HTTP REQUEST GET https://runtimeconfig.googleapis.com/v1beta1/projects/cryptourls/configs/algolia/variables  
 
[debug] [2020-08-14T03:33:59.849Z] <<< HTTP RESPONSE 200 {"content-type":"application/json; charset=UTF-8","vary":"X-Origin, Referer, Origin,Accept-Encoding","date":"Fri, 14 Aug 2020 03:33:57 GMT","server":"ESF","cache-control":"private","x-xss-protection":"0","x-frame-options":"SAMEORIGIN","x-content-type-options":"nosniff","alt-svc":"h3-29=\":443\"; ma=2592000,h3-27=\":443\"; ma=2592000,h3-T050=\":443\"; ma=2592000,h3-Q050=\":443\"; ma=2592000,h3-Q046=\":443\"; ma=2592000,h3-Q043=\":443\"; ma=2592000,quic=\":443\"; ma=2592000; v=\"46,43\"","accept-ranges":"none","transfer-encoding":"chunked"}
[debug] [2020-08-14T03:33:59.849Z] >>> HTTP REQUEST GET https://runtimeconfig.googleapis.com/v1beta1/projects/cryptourls/configs/algolia/variables/apikey  
 
[debug] [2020-08-14T03:33:59.850Z] >>> HTTP REQUEST GET https://runtimeconfig.googleapis.com/v1beta1/projects/cryptourls/configs/algolia/variables/appid  
 
[debug] [2020-08-14T03:34:00.284Z] <<< HTTP RESPONSE 200 {"content-type":"application/json; charset=UTF-8","vary":"X-Origin, Referer, Origin,Accept-Encoding","date":"Fri, 14 Aug 2020 03:33:57 GMT","server":"ESF","cache-control":"private","x-xss-protection":"0","x-frame-options":"SAMEORIGIN","x-content-type-options":"nosniff","alt-svc":"h3-29=\":443\"; ma=2592000,h3-27=\":443\"; ma=2592000,h3-T050=\":443\"; ma=2592000,h3-Q050=\":443\"; ma=2592000,h3-Q046=\":443\"; ma=2592000,h3-Q043=\":443\"; ma=2592000,quic=\":443\"; ma=2592000; v=\"46,43\"","accept-ranges":"none","transfer-encoding":"chunked"}
[debug] [2020-08-14T03:34:00.452Z] <<< HTTP RESPONSE 200 {"content-type":"application/json; charset=UTF-8","vary":"X-Origin, Referer, Origin,Accept-Encoding","date":"Fri, 14 Aug 2020 03:33:57 GMT","server":"ESF","cache-control":"private","x-xss-protection":"0","x-frame-options":"SAMEORIGIN","x-content-type-options":"nosniff","alt-svc":"h3-29=\":443\"; ma=2592000,h3-27=\":443\"; ma=2592000,h3-T050=\":443\"; ma=2592000,h3-Q050=\":443\"; ma=2592000,h3-Q046=\":443\"; ma=2592000,h3-Q043=\":443\"; ma=2592000,quic=\":443\"; ma=2592000; v=\"46,43\"","accept-ranges":"none","transfer-encoding":"chunked"}
[info] i  functions: packaged functions (41.67 KB) for uploading 
[debug] [2020-08-14T03:34:00.982Z] >>> HTTP REQUEST GET https://cloudfunctions.googleapis.com/v1/projects/cryptourls/locations/-/functions  
 
[debug] [2020-08-14T03:34:01.508Z] <<< HTTP RESPONSE 200 {"content-type":"application/json; charset=UTF-8","vary":"X-Origin, Referer, Origin,Accept-Encoding","date":"Fri, 14 Aug 2020 03:33:58 GMT","server":"ESF","cache-control":"private","x-xss-protection":"0","x-frame-options":"SAMEORIGIN","x-content-type-options":"nosniff","alt-svc":"h3-29=\":443\"; ma=2592000,h3-27=\":443\"; ma=2592000,h3-T050=\":443\"; ma=2592000,h3-Q050=\":443\"; ma=2592000,h3-Q046=\":443\"; ma=2592000,h3-Q043=\":443\"; ma=2592000,quic=\":443\"; ma=2592000; v=\"46,43\"","accept-ranges":"none","transfer-encoding":"chunked"}
[debug] [2020-08-14T03:34:01.510Z] >>> HTTP REQUEST POST https://cloudfunctions.googleapis.com/v1/projects/cryptourls/locations/us-central1/functions:generateUploadUrl  
 
[debug] [2020-08-14T03:34:02.883Z] <<< HTTP RESPONSE 200 {"content-type":"application/json; charset=UTF-8","vary":"X-Origin, Referer, Origin,Accept-Encoding","date":"Fri, 14 Aug 2020 03:34:00 GMT","server":"ESF","cache-control":"private","x-xss-protection":"0","x-frame-options":"SAMEORIGIN","x-content-type-options":"nosniff","alt-svc":"h3-29=\":443\"; ma=2592000,h3-27=\":443\"; ma=2592000,h3-T050=\":443\"; ma=2592000,h3-Q050=\":443\"; ma=2592000,h3-Q046=\":443\"; ma=2592000,h3-Q043=\":443\"; ma=2592000,quic=\":443\"; ma=2592000; v=\"46,43\"","accept-ranges":"none","transfer-encoding":"chunked"}
[debug] [2020-08-14T03:34:02.884Z] >>> HTTP REQUEST PUT https://storage.googleapis.com/gcf-upload-us-central1-50de512d-7ee4-4fc5-966a-64896d7e143b/5d608aca-4175-499c-bf8d-cbc79b507970.zip?GoogleAccessId=service-60373407434@gcf-admin-robot.iam.gserviceaccount.com&Expires=1597377840&Signature=hhwhpc0%2FgA6WiOWfcXaOiRJiFneRP284T7cIRPHORGnc7x0%2FC8LlB7fxc0ziQIDkQ9%2Bzwiw5tqnxESw8XYRh4XgYzFssSqzRGkrpu7jtcXjIYZ1%2F1Q64owoP%2BZ5Yv8U2tQWhV0ym3CfOKkWiZgzjavzDQ%2B33p5og9p5h4xI0F6QcDjL9bTRip8lWgPcaLa1Bv1FLhEF1kPFQaqOP5DwKS4V0qSYdi8nyuqCbTGTpmhSFGLAZBolj1v0OI70tAcxjq2pWLyshyEqEyS40o3zjzO2F1WrrMMcUtrb4vP6QKWy3%2Fty7vQL4XQQpLuMMwYGIl7bcbRpbD7h4FFQlBs5HhQ%3D%3D  
 <request body omitted>
[debug] [2020-08-14T03:34:04.997Z] <<< HTTP RESPONSE 200 {"x-guploader-uploadid":"AAANsUmkliJH1TTQNVNMZnWBStEDKSBFwJSW3V0GMWoSs3cyOp6Jv9Fj9AN1c2MuYmeGyh0mktSHYK2bM0oAgmltgPgbWpMEYA","etag":"\"f9c26e2dd4aae8b117f970dd6e6128d9\"","x-goog-generation":"1597376042479128","x-goog-metageneration":"1","x-goog-hash":"crc32c=yzE19w==, md5=+cJuLdSq6LEX+XDdbmEo2Q==","x-goog-stored-content-length":"42670","x-goog-stored-content-encoding":"identity","vary":"Origin","content-length":"0","date":"Fri, 14 Aug 2020 03:34:02 GMT","server":"UploadServer","content-type":"text/html; charset=UTF-8","alt-svc":"h3-29=\":443\"; ma=2592000,h3-27=\":443\"; ma=2592000,h3-T050=\":443\"; ma=2592000,h3-Q050=\":443\"; ma=2592000,h3-Q046=\":443\"; ma=2592000,h3-Q043=\":443\"; ma=2592000,quic=\":443\"; ma=2592000; v=\"46,43\""}
[info] +  functions: functions folder uploaded successfully 
[info] i  functions: updating Node.js 10 function addPostToIndex(us-central1)... 
[debug] [2020-08-14T03:34:05.000Z] Trigger is:  {"eventTrigger":{"resource":"projects/cryptourls/databases/(default)/documents/scrapped_articles/{articleId}","eventType":"providers/cloud.firestore/eventTypes/document.create","service":"firestore.googleapis.com"}}
[info] i  functions: updating Node.js 10 function deleteOldItems(us-central1)... 
[debug] [2020-08-14T03:34:05.001Z] Trigger is:  {"eventTrigger":{"resource":"projects/cryptourls/topics/firebase-schedule-deleteOldItems-us-central1","eventType":"google.pubsub.topic.publish","service":"pubsub.googleapis.com"}}
[info] i  functions: updating Node.js 10 function api(us-central1)... 
[debug] [2020-08-14T03:34:05.001Z] Trigger is:  {"httpsTrigger":{}}
[info] i  scheduler: ensuring required API cloudscheduler.googleapis.com is enabled... 
[info] i  pubsub: ensuring required API pubsub.googleapis.com is enabled... 
[debug] [2020-08-14T03:34:05.003Z] >>> HTTP REQUEST GET https://serviceusage.googleapis.com/v1/projects/cryptourls/services/cloudscheduler.googleapis.com  
 
[debug] [2020-08-14T03:34:05.003Z] >>> HTTP REQUEST GET https://serviceusage.googleapis.com/v1/projects/cryptourls/services/pubsub.googleapis.com  
 
[debug] [2020-08-14T03:34:05.241Z] <<< HTTP RESPONSE 200 {"content-type":"application/json; charset=UTF-8","vary":"X-Origin, Referer, Origin,Accept-Encoding","date":"Fri, 14 Aug 2020 03:34:02 GMT","server":"ESF","cache-control":"private","x-xss-protection":"0","x-frame-options":"SAMEORIGIN","x-content-type-options":"nosniff","alt-svc":"h3-29=\":443\"; ma=2592000,h3-27=\":443\"; ma=2592000,h3-T050=\":443\"; ma=2592000,h3-Q050=\":443\"; ma=2592000,h3-Q046=\":443\"; ma=2592000,h3-Q043=\":443\"; ma=2592000,quic=\":443\"; ma=2592000; v=\"46,43\"","accept-ranges":"none","transfer-encoding":"chunked"}
[info] +  scheduler: required API cloudscheduler.googleapis.com is enabled 
[debug] [2020-08-14T03:34:05.276Z] <<< HTTP RESPONSE 200 {"content-type":"application/json; charset=UTF-8","vary":"X-Origin, Referer, Origin,Accept-Encoding","date":"Fri, 14 Aug 2020 03:34:02 GMT","server":"ESF","cache-control":"private","x-xss-protection":"0","x-frame-options":"SAMEORIGIN","x-content-type-options":"nosniff","alt-svc":"h3-29=\":443\"; ma=2592000,h3-27=\":443\"; ma=2592000,h3-T050=\":443\"; ma=2592000,h3-Q050=\":443\"; ma=2592000,h3-Q046=\":443\"; ma=2592000,h3-Q043=\":443\"; ma=2592000,quic=\":443\"; ma=2592000; v=\"46,43\"","accept-ranges":"none","transfer-encoding":"chunked"}
[info] +  pubsub: required API pubsub.googleapis.com is enabled 
[debug] [2020-08-14T03:34:05.278Z] >>> HTTP REQUEST GET https://cloudscheduler.googleapis.com/v1beta1/projects/cryptourls/locations/europe-west1/jobs/firebase-schedule-deleteOldItems-us-central1  
 
[debug] [2020-08-14T03:34:05.902Z] <<< HTTP RESPONSE 404 {"vary":"X-Origin, Referer, Origin,Accept-Encoding","content-type":"application/json; charset=UTF-8","date":"Fri, 14 Aug 2020 03:34:03 GMT","server":"ESF","cache-control":"private","x-xss-protection":"0","x-frame-options":"SAMEORIGIN","x-content-type-options":"nosniff","alt-svc":"h3-29=\":443\"; ma=2592000,h3-27=\":443\"; ma=2592000,h3-T050=\":443\"; ma=2592000,h3-Q050=\":443\"; ma=2592000,h3-Q046=\":443\"; ma=2592000,h3-Q043=\":443\"; ma=2592000,quic=\":443\"; ma=2592000; v=\"46,43\"","accept-ranges":"none","transfer-encoding":"chunked"}
[debug] [2020-08-14T03:34:05.902Z] <<< HTTP RESPONSE BODY {"error":{"code":404,"message":"Job not found.","status":"NOT_FOUND"}}
[debug] [2020-08-14T03:34:05.903Z] >>> HTTP REQUEST POST https://cloudscheduler.googleapis.com/v1beta1/projects/cryptourls/locations/europe-west1/jobs  
 {"timeZone":"America/Los_Angeles","schedule":"every 1 days","name":"projects/cryptourls/locations/europe-west1/jobs/firebase-schedule-deleteOldItems-us-central1","pubsubTarget":{"topicName":"projects/cryptourls/topics/firebase-schedule-deleteOldItems-us-central1","attributes":{"scheduled":"true"}}}
[debug] [2020-08-14T03:34:07.997Z] <<< HTTP RESPONSE 400 {"vary":"X-Origin, Referer, Origin,Accept-Encoding","content-type":"application/json; charset=UTF-8","date":"Fri, 14 Aug 2020 03:34:05 GMT","server":"ESF","cache-control":"private","x-xss-protection":"0","x-frame-options":"SAMEORIGIN","x-content-type-options":"nosniff","alt-svc":"h3-29=\":443\"; ma=2592000,h3-27=\":443\"; ma=2592000,h3-T050=\":443\"; ma=2592000,h3-Q050=\":443\"; ma=2592000,h3-Q046=\":443\"; ma=2592000,h3-Q043=\":443\"; ma=2592000,quic=\":443\"; ma=2592000; v=\"46,43\"","accept-ranges":"none","transfer-encoding":"chunked"}
[debug] [2020-08-14T03:34:07.997Z] <<< HTTP RESPONSE BODY {"error":{"code":400,"message":"Schedule or time zone is invalid.","status":"INVALID_ARGUMENT"}}
[info] +  functions: created scheduler job firebase-schedule-deleteOldItems-us-central1 
[debug] [2020-08-14T03:34:07.999Z] >>> HTTP REQUEST PATCH https://cloudfunctions.googleapis.com/v1/projects/cryptourls/locations/us-central1/functions/addPostToIndex {"updateMask":"sourceUploadUrl,name,labels,runtime,environmentVariables,eventTrigger.resource,eventTrigger.eventType,eventTrigger.service"} 
 {"sourceUploadUrl":"https://storage.googleapis.com/gcf-upload-us-central1-50de512d-7ee4-4fc5-966a-64896d7e143b/5d608aca-4175-499c-bf8d-cbc79b507970.zip?GoogleAccessId=service-60373407434@gcf-admin-robot.iam.gserviceaccount.com&Expires=1597377840&Signature=hhwhpc0%2FgA6WiOWfcXaOiRJiFneRP284T7cIRPHORGnc7x0%2FC8LlB7fxc0ziQIDkQ9%2Bzwiw5tqnxESw8XYRh4XgYzFssSqzRGkrpu7jtcXjIYZ1%2F1Q64owoP%2BZ5Yv8U2tQWhV0ym3CfOKkWiZgzjavzDQ%2B33p5og9p5h4xI0F6QcDjL9bTRip8lWgPcaLa1Bv1FLhEF1kPFQaqOP5DwKS4V0qSYdi8nyuqCbTGTpmhSFGLAZBolj1v0OI70tAcxjq2pWLyshyEqEyS40o3zjzO2F1WrrMMcUtrb4vP6QKWy3%2Fty7vQL4XQQpLuMMwYGIl7bcbRpbD7h4FFQlBs5HhQ%3D%3D","name":"projects/cryptourls/locations/us-central1/functions/addPostToIndex","labels":{"deployment-tool":"cli-firebase"},"eventTrigger":{"resource":"projects/cryptourls/databases/(default)/documents/scrapped_articles/{articleId}","eventType":"providers/cloud.firestore/eventTypes/document.create","service":"firestore.googleapis.com"},"runtime":"nodejs10","environmentVariables":{"FIREBASE_CONFIG":"{\"projectId\":\"cryptourls\",\"databaseURL\":\"https://cryptourls.firebaseio.com\",\"storageBucket\":\"cryptourls.appspot.com\",\"locationId\":\"europe-west\"}"}}
[debug] [2020-08-14T03:34:08.000Z] >>> HTTP REQUEST PATCH https://cloudfunctions.googleapis.com/v1/projects/cryptourls/locations/us-central1/functions/deleteOldItems {"updateMask":"sourceUploadUrl,name,labels,runtime,environmentVariables,eventTrigger.resource,eventTrigger.eventType,eventTrigger.service"} 
 {"sourceUploadUrl":"https://storage.googleapis.com/gcf-upload-us-central1-50de512d-7ee4-4fc5-966a-64896d7e143b/5d608aca-4175-499c-bf8d-cbc79b507970.zip?GoogleAccessId=service-60373407434@gcf-admin-robot.iam.gserviceaccount.com&Expires=1597377840&Signature=hhwhpc0%2FgA6WiOWfcXaOiRJiFneRP284T7cIRPHORGnc7x0%2FC8LlB7fxc0ziQIDkQ9%2Bzwiw5tqnxESw8XYRh4XgYzFssSqzRGkrpu7jtcXjIYZ1%2F1Q64owoP%2BZ5Yv8U2tQWhV0ym3CfOKkWiZgzjavzDQ%2B33p5og9p5h4xI0F6QcDjL9bTRip8lWgPcaLa1Bv1FLhEF1kPFQaqOP5DwKS4V0qSYdi8nyuqCbTGTpmhSFGLAZBolj1v0OI70tAcxjq2pWLyshyEqEyS40o3zjzO2F1WrrMMcUtrb4vP6QKWy3%2Fty7vQL4XQQpLuMMwYGIl7bcbRpbD7h4FFQlBs5HhQ%3D%3D","name":"projects/cryptourls/locations/us-central1/functions/deleteOldItems","labels":{"deployment-tool":"cli-firebase","deployment-scheduled":"true"},"eventTrigger":{"resource":"projects/cryptourls/topics/firebase-schedule-deleteOldItems-us-central1","eventType":"google.pubsub.topic.publish","service":"pubsub.googleapis.com"},"runtime":"nodejs10","environmentVariables":{"FIREBASE_CONFIG":"{\"projectId\":\"cryptourls\",\"databaseURL\":\"https://cryptourls.firebaseio.com\",\"storageBucket\":\"cryptourls.appspot.com\",\"locationId\":\"europe-west\"}"}}
[debug] [2020-08-14T03:34:08.001Z] >>> HTTP REQUEST PATCH https://cloudfunctions.googleapis.com/v1/projects/cryptourls/locations/us-central1/functions/api {"updateMask":"sourceUploadUrl,name,labels,runtime,environmentVariables,httpsTrigger"} 
 {"sourceUploadUrl":"https://storage.googleapis.com/gcf-upload-us-central1-50de512d-7ee4-4fc5-966a-64896d7e143b/5d608aca-4175-499c-bf8d-cbc79b507970.zip?GoogleAccessId=service-60373407434@gcf-admin-robot.iam.gserviceaccount.com&Expires=1597377840&Signature=hhwhpc0%2FgA6WiOWfcXaOiRJiFneRP284T7cIRPHORGnc7x0%2FC8LlB7fxc0ziQIDkQ9%2Bzwiw5tqnxESw8XYRh4XgYzFssSqzRGkrpu7jtcXjIYZ1%2F1Q64owoP%2BZ5Yv8U2tQWhV0ym3CfOKkWiZgzjavzDQ%2B33p5og9p5h4xI0F6QcDjL9bTRip8lWgPcaLa1Bv1FLhEF1kPFQaqOP5DwKS4V0qSYdi8nyuqCbTGTpmhSFGLAZBolj1v0OI70tAcxjq2pWLyshyEqEyS40o3zjzO2F1WrrMMcUtrb4vP6QKWy3%2Fty7vQL4XQQpLuMMwYGIl7bcbRpbD7h4FFQlBs5HhQ%3D%3D","name":"projects/cryptourls/locations/us-central1/functions/api","labels":{"deployment-tool":"cli-firebase"},"httpsTrigger":{},"runtime":"nodejs10","environmentVariables":{"FIREBASE_CONFIG":"{\"projectId\":\"cryptourls\",\"databaseURL\":\"https://cryptourls.firebaseio.com\",\"storageBucket\":\"cryptourls.appspot.com\",\"locationId\":\"europe-west\"}"}}
[debug] [2020-08-14T03:34:08.524Z] <<< HTTP RESPONSE 200 {"content-type":"application/json; charset=UTF-8","vary":"X-Origin, Referer, Origin,Accept-Encoding","date":"Fri, 14 Aug 2020 03:34:06 GMT","server":"ESF","cache-control":"private","x-xss-protection":"0","x-frame-options":"SAMEORIGIN","x-content-type-options":"nosniff","alt-svc":"h3-29=\":443\"; ma=2592000,h3-27=\":443\"; ma=2592000,h3-T050=\":443\"; ma=2592000,h3-Q050=\":443\"; ma=2592000,h3-Q046=\":443\"; ma=2592000,h3-Q043=\":443\"; ma=2592000,quic=\":443\"; ma=2592000; v=\"46,43\"","accept-ranges":"none","transfer-encoding":"chunked"}
[debug] [2020-08-14T03:34:08.524Z] <<< HTTP RESPONSE 200 {"content-type":"application/json; charset=UTF-8","vary":"X-Origin, Referer, Origin,Accept-Encoding","date":"Fri, 14 Aug 2020 03:34:06 GMT","server":"ESF","cache-control":"private","x-xss-protection":"0","x-frame-options":"SAMEORIGIN","x-content-type-options":"nosniff","alt-svc":"h3-29=\":443\"; ma=2592000,h3-27=\":443\"; ma=2592000,h3-T050=\":443\"; ma=2592000,h3-Q050=\":443\"; ma=2592000,h3-Q046=\":443\"; ma=2592000,h3-Q043=\":443\"; ma=2592000,quic=\":443\"; ma=2592000; v=\"46,43\"","accept-ranges":"none","transfer-encoding":"chunked"}
[debug] [2020-08-14T03:34:08.549Z] <<< HTTP RESPONSE 200 {"content-type":"application/json; charset=UTF-8","vary":"X-Origin, Referer, Origin,Accept-Encoding","date":"Fri, 14 Aug 2020 03:34:06 GMT","server":"ESF","cache-control":"private","x-xss-protection":"0","x-frame-options":"SAMEORIGIN","x-content-type-options":"nosniff","alt-svc":"h3-29=\":443\"; ma=2592000,h3-27=\":443\"; ma=2592000,h3-T050=\":443\"; ma=2592000,h3-Q050=\":443\"; ma=2592000,h3-Q046=\":443\"; ma=2592000,h3-Q043=\":443\"; ma=2592000,quic=\":443\"; ma=2592000; v=\"46,43\"","accept-ranges":"none","transfer-encoding":"chunked"}
[debug] [2020-08-14T03:34:08.551Z] >>> HTTP REQUEST GET https://cloudfunctions.googleapis.com/v1/projects/cryptourls/locations/-/functions  
 
[debug] [2020-08-14T03:34:09.058Z] <<< HTTP RESPONSE 200 {"content-type":"application/json; charset=UTF-8","vary":"X-Origin, Referer, Origin,Accept-Encoding","date":"Fri, 14 Aug 2020 03:34:06 GMT","server":"ESF","cache-control":"private","x-xss-protection":"0","x-frame-options":"SAMEORIGIN","x-content-type-options":"nosniff","alt-svc":"h3-29=\":443\"; ma=2592000,h3-27=\":443\"; ma=2592000,h3-T050=\":443\"; ma=2592000,h3-Q050=\":443\"; ma=2592000,h3-Q046=\":443\"; ma=2592000,h3-Q043=\":443\"; ma=2592000,quic=\":443\"; ma=2592000; v=\"46,43\"","accept-ranges":"none","transfer-encoding":"chunked"}
[debug] [2020-08-14T03:34:09.058Z] >>> HTTP REQUEST GET https://cloudfunctions.googleapis.com/v1/operations/Y3J5cHRvdXJscy91cy1jZW50cmFsMS9hZGRQb3N0VG9JbmRleC95dTg4SG5iQmlJQQ  
 
[debug] [2020-08-14T03:34:09.060Z] >>> HTTP REQUEST GET https://cloudfunctions.googleapis.com/v1/operations/Y3J5cHRvdXJscy91cy1jZW50cmFsMS9kZWxldGVPbGRJdGVtcy90b043QkVtS2Q2QQ  
 
[debug] [2020-08-14T03:34:09.061Z] >>> HTTP REQUEST GET https://cloudfunctions.googleapis.com/v1/operations/Y3J5cHRvdXJscy91cy1jZW50cmFsMS9hcGkvVndoc0hnTzVneXM  
 
[debug] [2020-08-14T03:34:09.217Z] <<< HTTP RESPONSE 200 {"content-type":"application/json; charset=UTF-8","vary":"X-Origin, Referer, Origin,Accept-Encoding","date":"Fri, 14 Aug 2020 03:34:06 GMT","server":"ESF","cache-control":"private","x-xss-protection":"0","x-frame-options":"SAMEORIGIN","x-content-type-options":"nosniff","alt-svc":"h3-29=\":443\"; ma=2592000,h3-27=\":443\"; ma=2592000,h3-T050=\":443\"; ma=2592000,h3-Q050=\":443\"; ma=2592000,h3-Q046=\":443\"; ma=2592000,h3-Q043=\":443\"; ma=2592000,quic=\":443\"; ma=2592000; v=\"46,43\"","accept-ranges":"none","transfer-encoding":"chunked"}
[debug] [2020-08-14T03:34:09.221Z] <<< HTTP RESPONSE 200 {"content-type":"application/json; charset=UTF-8","vary":"X-Origin, Referer, Origin,Accept-Encoding","date":"Fri, 14 Aug 2020 03:34:06 GMT","server":"ESF","cache-control":"private","x-xss-protection":"0","x-frame-options":"SAMEORIGIN","x-content-type-options":"nosniff","alt-svc":"h3-29=\":443\"; ma=2592000,h3-27=\":443\"; ma=2592000,h3-T050=\":443\"; ma=2592000,h3-Q050=\":443\"; ma=2592000,h3-Q046=\":443\"; ma=2592000,h3-Q043=\":443\"; ma=2592000,quic=\":443\"; ma=2592000; v=\"46,43\"","accept-ranges":"none","transfer-encoding":"chunked"}
[debug] [2020-08-14T03:34:09.228Z] <<< HTTP RESPONSE 200 {"content-type":"application/json; charset=UTF-8","vary":"X-Origin, Referer, Origin,Accept-Encoding","date":"Fri, 14 Aug 2020 03:34:06 GMT","server":"ESF","cache-control":"private","x-xss-protection":"0","x-frame-options":"SAMEORIGIN","x-content-type-options":"nosniff","alt-svc":"h3-29=\":443\"; ma=2592000,h3-27=\":443\"; ma=2592000,h3-T050=\":443\"; ma=2592000,h3-Q050=\":443\"; ma=2592000,h3-Q046=\":443\"; ma=2592000,h3-Q043=\":443\"; ma=2592000,quic=\":443\"; ma=2592000; v=\"46,43\"","accept-ranges":"none","transfer-encoding":"chunked"}
[debug] [2020-08-14T03:34:11.220Z] >>> HTTP REQUEST GET https://cloudfunctions.googleapis.com/v1/operations/Y3J5cHRvdXJscy91cy1jZW50cmFsMS9hcGkvVndoc0hnTzVneXM  
 
[debug] [2020-08-14T03:34:11.221Z] >>> HTTP REQUEST GET https://cloudfunctions.googleapis.com/v1/operations/Y3J5cHRvdXJscy91cy1jZW50cmFsMS9hZGRQb3N0VG9JbmRleC95dTg4SG5iQmlJQQ  
 
[debug] [2020-08-14T03:34:11.235Z] >>> HTTP REQUEST GET https://cloudfunctions.googleapis.com/v1/operations/Y3J5cHRvdXJscy91cy1jZW50cmFsMS9kZWxldGVPbGRJdGVtcy90b043QkVtS2Q2QQ  
 
[debug] [2020-08-14T03:34:11.372Z] <<< HTTP RESPONSE 200 {"content-type":"application/json; charset=UTF-8","vary":"X-Origin, Referer, Origin,Accept-Encoding","date":"Fri, 14 Aug 2020 03:34:08 GMT","server":"ESF","cache-control":"private","x-xss-protection":"0","x-frame-options":"SAMEORIGIN","x-content-type-options":"nosniff","alt-svc":"h3-29=\":443\"; ma=2592000,h3-27=\":443\"; ma=2592000,h3-T050=\":443\"; ma=2592000,h3-Q050=\":443\"; ma=2592000,h3-Q046=\":443\"; ma=2592000,h3-Q043=\":443\"; ma=2592000,quic=\":443\"; ma=2592000; v=\"46,43\"","accept-ranges":"none","transfer-encoding":"chunked"}
[debug] [2020-08-14T03:34:11.388Z] <<< HTTP RESPONSE 200 {"content-type":"application/json; charset=UTF-8","vary":"X-Origin, Referer, Origin,Accept-Encoding","date":"Fri, 14 Aug 2020 03:34:08 GMT","server":"ESF","cache-control":"private","x-xss-protection":"0","x-frame-options":"SAMEORIGIN","x-content-type-options":"nosniff","alt-svc":"h3-29=\":443\"; ma=2592000,h3-27=\":443\"; ma=2592000,h3-T050=\":443\"; ma=2592000,h3-Q050=\":443\"; ma=2592000,h3-Q046=\":443\"; ma=2592000,h3-Q043=\":443\"; ma=2592000,quic=\":443\"; ma=2592000; v=\"46,43\"","accept-ranges":"none","transfer-encoding":"chunked"}
[debug] [2020-08-14T03:34:11.395Z] <<< HTTP RESPONSE 200 {"content-type":"application/json; charset=UTF-8","vary":"X-Origin, Referer, Origin,Accept-Encoding","date":"Fri, 14 Aug 2020 03:34:08 GMT","server":"ESF","cache-control":"private","x-xss-protection":"0","x-frame-options":"SAMEORIGIN","x-content-type-options":"nosniff","alt-svc":"h3-29=\":443\"; ma=2592000,h3-27=\":443\"; ma=2592000,h3-T050=\":443\"; ma=2592000,h3-Q050=\":443\"; ma=2592000,h3-Q046=\":443\"; ma=2592000,h3-Q043=\":443\"; ma=2592000,quic=\":443\"; ma=2592000; v=\"46,43\"","accept-ranges":"none","transfer-encoding":"chunked"}
[debug] [2020-08-14T03:34:13.374Z] >>> HTTP REQUEST GET https://cloudfunctions.googleapis.com/v1/operations/Y3J5cHRvdXJscy91cy1jZW50cmFsMS9hZGRQb3N0VG9JbmRleC95dTg4SG5iQmlJQQ  
 
[debug] [2020-08-14T03:34:13.390Z] >>> HTTP REQUEST GET https://cloudfunctions.googleapis.com/v1/operations/Y3J5cHRvdXJscy91cy1jZW50cmFsMS9kZWxldGVPbGRJdGVtcy90b043QkVtS2Q2QQ  
 
[debug] [2020-08-14T03:34:13.398Z] >>> HTTP REQUEST GET https://cloudfunctions.googleapis.com/v1/operations/Y3J5cHRvdXJscy91cy1jZW50cmFsMS9hcGkvVndoc0hnTzVneXM  
 
[debug] [2020-08-14T03:34:13.545Z] <<< HTTP RESPONSE 200 {"content-type":"application/json; charset=UTF-8","vary":"X-Origin, Referer, Origin,Accept-Encoding","date":"Fri, 14 Aug 2020 03:34:11 GMT","server":"ESF","cache-control":"private","x-xss-protection":"0","x-frame-options":"SAMEORIGIN","x-content-type-options":"nosniff","alt-svc":"h3-29=\":443\"; ma=2592000,h3-27=\":443\"; ma=2592000,h3-T050=\":443\"; ma=2592000,h3-Q050=\":443\"; ma=2592000,h3-Q046=\":443\"; ma=2592000,h3-Q043=\":443\"; ma=2592000,quic=\":443\"; ma=2592000; v=\"46,43\"","accept-ranges":"none","transfer-encoding":"chunked"}
[debug] [2020-08-14T03:34:13.546Z] <<< HTTP RESPONSE 200 {"content-type":"application/json; charset=UTF-8","vary":"X-Origin, Referer, Origin,Accept-Encoding","date":"Fri, 14 Aug 2020 03:34:11 GMT","server":"ESF","cache-control":"private","x-xss-protection":"0","x-frame-options":"SAMEORIGIN","x-content-type-options":"nosniff","alt-svc":"h3-29=\":443\"; ma=2592000,h3-27=\":443\"; ma=2592000,h3-T050=\":443\"; ma=2592000,h3-Q050=\":443\"; ma=2592000,h3-Q046=\":443\"; ma=2592000,h3-Q043=\":443\"; ma=2592000,quic=\":443\"; ma=2592000; v=\"46,43\"","accept-ranges":"none","transfer-encoding":"chunked"}
[debug] [2020-08-14T03:34:13.560Z] <<< HTTP RESPONSE 200 {"content-type":"application/json; charset=UTF-8","vary":"X-Origin, Referer, Origin,Accept-Encoding","date":"Fri, 14 Aug 2020 03:34:11 GMT","server":"ESF","cache-control":"private","x-xss-protection":"0","x-frame-options":"SAMEORIGIN","x-content-type-options":"nosniff","alt-svc":"h3-29=\":443\"; ma=2592000,h3-27=\":443\"; ma=2592000,h3-T050=\":443\"; ma=2592000,h3-Q050=\":443\"; ma=2592000,h3-Q046=\":443\"; ma=2592000,h3-Q043=\":443\"; ma=2592000,quic=\":443\"; ma=2592000; v=\"46,43\"","accept-ranges":"none","transfer-encoding":"chunked"}
[debug] [2020-08-14T03:34:15.560Z] >>> HTTP REQUEST GET https://cloudfunctions.googleapis.com/v1/operations/Y3J5cHRvdXJscy91cy1jZW50cmFsMS9hZGRQb3N0VG9JbmRleC95dTg4SG5iQmlJQQ  
 
[debug] [2020-08-14T03:34:15.560Z] >>> HTTP REQUEST GET https://cloudfunctions.googleapis.com/v1/operations/Y3J5cHRvdXJscy91cy1jZW50cmFsMS9kZWxldGVPbGRJdGVtcy90b043QkVtS2Q2QQ  
 
[debug] [2020-08-14T03:34:15.561Z] >>> HTTP REQUEST GET https://cloudfunctions.googleapis.com/v1/operations/Y3J5cHRvdXJscy91cy1jZW50cmFsMS9hcGkvVndoc0hnTzVneXM  
 
[debug] [2020-08-14T03:34:15.711Z] <<< HTTP RESPONSE 200 {"content-type":"application/json; charset=UTF-8","vary":"X-Origin, Referer, Origin,Accept-Encoding","date":"Fri, 14 Aug 2020 03:34:13 GMT","server":"ESF","cache-control":"private","x-xss-protection":"0","x-frame-options":"SAMEORIGIN","x-content-type-options":"nosniff","alt-svc":"h3-29=\":443\"; ma=2592000,h3-27=\":443\"; ma=2592000,h3-T050=\":443\"; ma=2592000,h3-Q050=\":443\"; ma=2592000,h3-Q046=\":443\"; ma=2592000,h3-Q043=\":443\"; ma=2592000,quic=\":443\"; ma=2592000; v=\"46,43\"","accept-ranges":"none","transfer-encoding":"chunked"}
[debug] [2020-08-14T03:34:15.712Z] <<< HTTP RESPONSE 200 {"content-type":"application/json; charset=UTF-8","vary":"X-Origin, Referer, Origin,Accept-Encoding","date":"Fri, 14 Aug 2020 03:34:13 GMT","server":"ESF","cache-control":"private","x-xss-protection":"0","x-frame-options":"SAMEORIGIN","x-content-type-options":"nosniff","alt-svc":"h3-29=\":443\"; ma=2592000,h3-27=\":443\"; ma=2592000,h3-T050=\":443\"; ma=2592000,h3-Q050=\":443\"; ma=2592000,h3-Q046=\":443\"; ma=2592000,h3-Q043=\":443\"; ma=2592000,quic=\":443\"; ma=2592000; v=\"46,43\"","accept-ranges":"none","transfer-encoding":"chunked"}
[debug] [2020-08-14T03:34:15.729Z] <<< HTTP RESPONSE 200 {"content-type":"application/json; charset=UTF-8","vary":"X-Origin, Referer, Origin,Accept-Encoding","date":"Fri, 14 Aug 2020 03:34:13 GMT","server":"ESF","cache-control":"private","x-xss-protection":"0","x-frame-options":"SAMEORIGIN","x-content-type-options":"nosniff","alt-svc":"h3-29=\":443\"; ma=2592000,h3-27=\":443\"; ma=2592000,h3-T050=\":443\"; ma=2592000,h3-Q050=\":443\"; ma=2592000,h3-Q046=\":443\"; ma=2592000,h3-Q043=\":443\"; ma=2592000,quic=\":443\"; ma=2592000; v=\"46,43\"","accept-ranges":"none","transfer-encoding":"chunked"}
[debug] [2020-08-14T03:34:17.718Z] >>> HTTP REQUEST GET https://cloudfunctions.googleapis.com/v1/operations/Y3J5cHRvdXJscy91cy1jZW50cmFsMS9kZWxldGVPbGRJdGVtcy90b043QkVtS2Q2QQ  
 
[debug] [2020-08-14T03:34:17.719Z] >>> HTTP REQUEST GET https://cloudfunctions.googleapis.com/v1/operations/Y3J5cHRvdXJscy91cy1jZW50cmFsMS9hZGRQb3N0VG9JbmRleC95dTg4SG5iQmlJQQ  
 
[debug] [2020-08-14T03:34:17.733Z] >>> HTTP REQUEST GET https://cloudfunctions.googleapis.com/v1/operations/Y3J5cHRvdXJscy91cy1jZW50cmFsMS9hcGkvVndoc0hnTzVneXM  
 
[debug] [2020-08-14T03:34:17.874Z] <<< HTTP RESPONSE 200 {"content-type":"application/json; charset=UTF-8","vary":"X-Origin, Referer, Origin,Accept-Encoding","date":"Fri, 14 Aug 2020 03:34:15 GMT","server":"ESF","cache-control":"private","x-xss-protection":"0","x-frame-options":"SAMEORIGIN","x-content-type-options":"nosniff","alt-svc":"h3-29=\":443\"; ma=2592000,h3-27=\":443\"; ma=2592000,h3-T050=\":443\"; ma=2592000,h3-Q050=\":443\"; ma=2592000,h3-Q046=\":443\"; ma=2592000,h3-Q043=\":443\"; ma=2592000,quic=\":443\"; ma=2592000; v=\"46,43\"","accept-ranges":"none","transfer-encoding":"chunked"}
[debug] [2020-08-14T03:34:17.877Z] <<< HTTP RESPONSE 200 {"content-type":"application/json; charset=UTF-8","vary":"X-Origin, Referer, Origin,Accept-Encoding","date":"Fri, 14 Aug 2020 03:34:15 GMT","server":"ESF","cache-control":"private","x-xss-protection":"0","x-frame-options":"SAMEORIGIN","x-content-type-options":"nosniff","alt-svc":"h3-29=\":443\"; ma=2592000,h3-27=\":443\"; ma=2592000,h3-T050=\":443\"; ma=2592000,h3-Q050=\":443\"; ma=2592000,h3-Q046=\":443\"; ma=2592000,h3-Q043=\":443\"; ma=2592000,quic=\":443\"; ma=2592000; v=\"46,43\"","accept-ranges":"none","transfer-encoding":"chunked"}
[debug] [2020-08-14T03:34:17.896Z] <<< HTTP RESPONSE 200 {"content-type":"application/json; charset=UTF-8","vary":"X-Origin, Referer, Origin,Accept-Encoding","date":"Fri, 14 Aug 2020 03:34:15 GMT","server":"ESF","cache-control":"private","x-xss-protection":"0","x-frame-options":"SAMEORIGIN","x-content-type-options":"nosniff","alt-svc":"h3-29=\":443\"; ma=2592000,h3-27=\":443\"; ma=2592000,h3-T050=\":443\"; ma=2592000,h3-Q050=\":443\"; ma=2592000,h3-Q046=\":443\"; ma=2592000,h3-Q043=\":443\"; ma=2592000,quic=\":443\"; ma=2592000; v=\"46,43\"","accept-ranges":"none","transfer-encoding":"chunked"}
[debug] [2020-08-14T03:34:19.877Z] >>> HTTP REQUEST GET https://cloudfunctions.googleapis.com/v1/operations/Y3J5cHRvdXJscy91cy1jZW50cmFsMS9hcGkvVndoc0hnTzVneXM  
 
[debug] [2020-08-14T03:34:19.878Z] >>> HTTP REQUEST GET https://cloudfunctions.googleapis.com/v1/operations/Y3J5cHRvdXJscy91cy1jZW50cmFsMS9hZGRQb3N0VG9JbmRleC95dTg4SG5iQmlJQQ  
 
[debug] [2020-08-14T03:34:19.901Z] >>> HTTP REQUEST GET https://cloudfunctions.googleapis.com/v1/operations/Y3J5cHRvdXJscy91cy1jZW50cmFsMS9kZWxldGVPbGRJdGVtcy90b043QkVtS2Q2QQ  
 
[debug] [2020-08-14T03:34:20.052Z] <<< HTTP RESPONSE 200 {"content-type":"application/json; charset=UTF-8","vary":"X-Origin, Referer, Origin,Accept-Encoding","date":"Fri, 14 Aug 2020 03:34:17 GMT","server":"ESF","cache-control":"private","x-xss-protection":"0","x-frame-options":"SAMEORIGIN","x-content-type-options":"nosniff","alt-svc":"h3-29=\":443\"; ma=2592000,h3-27=\":443\"; ma=2592000,h3-T050=\":443\"; ma=2592000,h3-Q050=\":443\"; ma=2592000,h3-Q046=\":443\"; ma=2592000,h3-Q043=\":443\"; ma=2592000,quic=\":443\"; ma=2592000; v=\"46,43\"","accept-ranges":"none","transfer-encoding":"chunked"}
[debug] [2020-08-14T03:34:20.053Z] <<< HTTP RESPONSE 200 {"content-type":"application/json; charset=UTF-8","vary":"X-Origin, Referer, Origin,Accept-Encoding","date":"Fri, 14 Aug 2020 03:34:17 GMT","server":"ESF","cache-control":"private","x-xss-protection":"0","x-frame-options":"SAMEORIGIN","x-content-type-options":"nosniff","alt-svc":"h3-29=\":443\"; ma=2592000,h3-27=\":443\"; ma=2592000,h3-T050=\":443\"; ma=2592000,h3-Q050=\":443\"; ma=2592000,h3-Q046=\":443\"; ma=2592000,h3-Q043=\":443\"; ma=2592000,quic=\":443\"; ma=2592000; v=\"46,43\"","accept-ranges":"none","transfer-encoding":"chunked"}
[debug] [2020-08-14T03:34:20.078Z] <<< HTTP RESPONSE 200 {"content-type":"application/json; charset=UTF-8","vary":"X-Origin, Referer, Origin,Accept-Encoding","date":"Fri, 14 Aug 2020 03:34:17 GMT","server":"ESF","cache-control":"private","x-xss-protection":"0","x-frame-options":"SAMEORIGIN","x-content-type-options":"nosniff","alt-svc":"h3-29=\":443\"; ma=2592000,h3-27=\":443\"; ma=2592000,h3-T050=\":443\"; ma=2592000,h3-Q050=\":443\"; ma=2592000,h3-Q046=\":443\"; ma=2592000,h3-Q043=\":443\"; ma=2592000,quic=\":443\"; ma=2592000; v=\"46,43\"","accept-ranges":"none","transfer-encoding":"chunked"}
[debug] [2020-08-14T03:34:22.066Z] >>> HTTP REQUEST GET https://cloudfunctions.googleapis.com/v1/operations/Y3J5cHRvdXJscy91cy1jZW50cmFsMS9hZGRQb3N0VG9JbmRleC95dTg4SG5iQmlJQQ  
 
[debug] [2020-08-14T03:34:22.066Z] >>> HTTP REQUEST GET https://cloudfunctions.googleapis.com/v1/operations/Y3J5cHRvdXJscy91cy1jZW50cmFsMS9kZWxldGVPbGRJdGVtcy90b043QkVtS2Q2QQ  
 
[debug] [2020-08-14T03:34:22.082Z] >>> HTTP REQUEST GET https://cloudfunctions.googleapis.com/v1/operations/Y3J5cHRvdXJscy91cy1jZW50cmFsMS9hcGkvVndoc0hnTzVneXM  
 
[debug] [2020-08-14T03:34:22.220Z] <<< HTTP RESPONSE 200 {"content-type":"application/json; charset=UTF-8","vary":"X-Origin, Referer, Origin,Accept-Encoding","date":"Fri, 14 Aug 2020 03:34:19 GMT","server":"ESF","cache-control":"private","x-xss-protection":"0","x-frame-options":"SAMEORIGIN","x-content-type-options":"nosniff","alt-svc":"h3-29=\":443\"; ma=2592000,h3-27=\":443\"; ma=2592000,h3-T050=\":443\"; ma=2592000,h3-Q050=\":443\"; ma=2592000,h3-Q046=\":443\"; ma=2592000,h3-Q043=\":443\"; ma=2592000,quic=\":443\"; ma=2592000; v=\"46,43\"","accept-ranges":"none","transfer-encoding":"chunked"}
[debug] [2020-08-14T03:34:22.236Z] <<< HTTP RESPONSE 200 {"content-type":"application/json; charset=UTF-8","vary":"X-Origin, Referer, Origin,Accept-Encoding","date":"Fri, 14 Aug 2020 03:34:19 GMT","server":"ESF","cache-control":"private","x-xss-protection":"0","x-frame-options":"SAMEORIGIN","x-content-type-options":"nosniff","alt-svc":"h3-29=\":443\"; ma=2592000,h3-27=\":443\"; ma=2592000,h3-T050=\":443\"; ma=2592000,h3-Q050=\":443\"; ma=2592000,h3-Q046=\":443\"; ma=2592000,h3-Q043=\":443\"; ma=2592000,quic=\":443\"; ma=2592000; v=\"46,43\"","accept-ranges":"none","transfer-encoding":"chunked"}
[debug] [2020-08-14T03:34:22.236Z] <<< HTTP RESPONSE 200 {"content-type":"application/json; charset=UTF-8","vary":"X-Origin, Referer, Origin,Accept-Encoding","date":"Fri, 14 Aug 2020 03:34:19 GMT","server":"ESF","cache-control":"private","x-xss-protection":"0","x-frame-options":"SAMEORIGIN","x-content-type-options":"nosniff","alt-svc":"h3-29=\":443\"; ma=2592000,h3-27=\":443\"; ma=2592000,h3-T050=\":443\"; ma=2592000,h3-Q050=\":443\"; ma=2592000,h3-Q046=\":443\"; ma=2592000,h3-Q043=\":443\"; ma=2592000,quic=\":443\"; ma=2592000; v=\"46,43\"","accept-ranges":"none","transfer-encoding":"chunked"}
[debug] [2020-08-14T03:34:24.222Z] >>> HTTP REQUEST GET https://cloudfunctions.googleapis.com/v1/operations/Y3J5cHRvdXJscy91cy1jZW50cmFsMS9hZGRQb3N0VG9JbmRleC95dTg4SG5iQmlJQQ  
 
[debug] [2020-08-14T03:34:24.238Z] >>> HTTP REQUEST GET https://cloudfunctions.googleapis.com/v1/operations/Y3J5cHRvdXJscy91cy1jZW50cmFsMS9kZWxldGVPbGRJdGVtcy90b043QkVtS2Q2QQ  
 
[debug] [2020-08-14T03:34:24.238Z] >>> HTTP REQUEST GET https://cloudfunctions.googleapis.com/v1/operations/Y3J5cHRvdXJscy91cy1jZW50cmFsMS9hcGkvVndoc0hnTzVneXM  
 
[debug] [2020-08-14T03:34:24.367Z] <<< HTTP RESPONSE 200 {"content-type":"application/json; charset=UTF-8","vary":"X-Origin, Referer, Origin,Accept-Encoding","date":"Fri, 14 Aug 2020 03:34:21 GMT","server":"ESF","cache-control":"private","x-xss-protection":"0","x-frame-options":"SAMEORIGIN","x-content-type-options":"nosniff","alt-svc":"h3-29=\":443\"; ma=2592000,h3-27=\":443\"; ma=2592000,h3-T050=\":443\"; ma=2592000,h3-Q050=\":443\"; ma=2592000,h3-Q046=\":443\"; ma=2592000,h3-Q043=\":443\"; ma=2592000,quic=\":443\"; ma=2592000; v=\"46,43\"","accept-ranges":"none","transfer-encoding":"chunked"}
[debug] [2020-08-14T03:34:24.381Z] <<< HTTP RESPONSE 200 {"content-type":"application/json; charset=UTF-8","vary":"X-Origin, Referer, Origin,Accept-Encoding","date":"Fri, 14 Aug 2020 03:34:21 GMT","server":"ESF","cache-control":"private","x-xss-protection":"0","x-frame-options":"SAMEORIGIN","x-content-type-options":"nosniff","alt-svc":"h3-29=\":443\"; ma=2592000,h3-27=\":443\"; ma=2592000,h3-T050=\":443\"; ma=2592000,h3-Q050=\":443\"; ma=2592000,h3-Q046=\":443\"; ma=2592000,h3-Q043=\":443\"; ma=2592000,quic=\":443\"; ma=2592000; v=\"46,43\"","accept-ranges":"none","transfer-encoding":"chunked"}
[debug] [2020-08-14T03:34:24.389Z] <<< HTTP RESPONSE 200 {"content-type":"application/json; charset=UTF-8","vary":"X-Origin, Referer, Origin,Accept-Encoding","date":"Fri, 14 Aug 2020 03:34:21 GMT","server":"ESF","cache-control":"private","x-xss-protection":"0","x-frame-options":"SAMEORIGIN","x-content-type-options":"nosniff","alt-svc":"h3-29=\":443\"; ma=2592000,h3-27=\":443\"; ma=2592000,h3-T050=\":443\"; ma=2592000,h3-Q050=\":443\"; ma=2592000,h3-Q046=\":443\"; ma=2592000,h3-Q043=\":443\"; ma=2592000,quic=\":443\"; ma=2592000; v=\"46,43\"","accept-ranges":"none","transfer-encoding":"chunked"}
[debug] [2020-08-14T03:34:26.377Z] >>> HTTP REQUEST GET https://cloudfunctions.googleapis.com/v1/operations/Y3J5cHRvdXJscy91cy1jZW50cmFsMS9hZGRQb3N0VG9JbmRleC95dTg4SG5iQmlJQQ  
 
[debug] [2020-08-14T03:34:26.392Z] >>> HTTP REQUEST GET https://cloudfunctions.googleapis.com/v1/operations/Y3J5cHRvdXJscy91cy1jZW50cmFsMS9kZWxldGVPbGRJdGVtcy90b043QkVtS2Q2QQ  
 
[debug] [2020-08-14T03:34:26.393Z] >>> HTTP REQUEST GET https://cloudfunctions.googleapis.com/v1/operations/Y3J5cHRvdXJscy91cy1jZW50cmFsMS9hcGkvVndoc0hnTzVneXM  
 
[debug] [2020-08-14T03:34:26.525Z] <<< HTTP RESPONSE 200 {"content-type":"application/json; charset=UTF-8","vary":"X-Origin, Referer, Origin,Accept-Encoding","date":"Fri, 14 Aug 2020 03:34:24 GMT","server":"ESF","cache-control":"private","x-xss-protection":"0","x-frame-options":"SAMEORIGIN","x-content-type-options":"nosniff","alt-svc":"h3-29=\":443\"; ma=2592000,h3-27=\":443\"; ma=2592000,h3-T050=\":443\"; ma=2592000,h3-Q050=\":443\"; ma=2592000,h3-Q046=\":443\"; ma=2592000,h3-Q043=\":443\"; ma=2592000,quic=\":443\"; ma=2592000; v=\"46,43\"","accept-ranges":"none","transfer-encoding":"chunked"}
[debug] [2020-08-14T03:34:26.534Z] <<< HTTP RESPONSE 200 {"content-type":"application/json; charset=UTF-8","vary":"X-Origin, Referer, Origin,Accept-Encoding","date":"Fri, 14 Aug 2020 03:34:24 GMT","server":"ESF","cache-control":"private","x-xss-protection":"0","x-frame-options":"SAMEORIGIN","x-content-type-options":"nosniff","alt-svc":"h3-29=\":443\"; ma=2592000,h3-27=\":443\"; ma=2592000,h3-T050=\":443\"; ma=2592000,h3-Q050=\":443\"; ma=2592000,h3-Q046=\":443\"; ma=2592000,h3-Q043=\":443\"; ma=2592000,quic=\":443\"; ma=2592000; v=\"46,43\"","accept-ranges":"none","transfer-encoding":"chunked"}
[debug] [2020-08-14T03:34:26.534Z] <<< HTTP RESPONSE 200 {"content-type":"application/json; charset=UTF-8","vary":"X-Origin, Referer, Origin,Accept-Encoding","date":"Fri, 14 Aug 2020 03:34:24 GMT","server":"ESF","cache-control":"private","x-xss-protection":"0","x-frame-options":"SAMEORIGIN","x-content-type-options":"nosniff","alt-svc":"h3-29=\":443\"; ma=2592000,h3-27=\":443\"; ma=2592000,h3-T050=\":443\"; ma=2592000,h3-Q050=\":443\"; ma=2592000,h3-Q046=\":443\"; ma=2592000,h3-Q043=\":443\"; ma=2592000,quic=\":443\"; ma=2592000; v=\"46,43\"","accept-ranges":"none","transfer-encoding":"chunked"}
[debug] [2020-08-14T03:34:28.532Z] >>> HTTP REQUEST GET https://cloudfunctions.googleapis.com/v1/operations/Y3J5cHRvdXJscy91cy1jZW50cmFsMS9hcGkvVndoc0hnTzVneXM  
 
[debug] [2020-08-14T03:34:28.534Z] >>> HTTP REQUEST GET https://cloudfunctions.googleapis.com/v1/operations/Y3J5cHRvdXJscy91cy1jZW50cmFsMS9kZWxldGVPbGRJdGVtcy90b043QkVtS2Q2QQ  
 
[debug] [2020-08-14T03:34:28.535Z] >>> HTTP REQUEST GET https://cloudfunctions.googleapis.com/v1/operations/Y3J5cHRvdXJscy91cy1jZW50cmFsMS9hZGRQb3N0VG9JbmRleC95dTg4SG5iQmlJQQ  
 
[debug] [2020-08-14T03:34:28.683Z] <<< HTTP RESPONSE 200 {"content-type":"application/json; charset=UTF-8","vary":"X-Origin, Referer, Origin,Accept-Encoding","date":"Fri, 14 Aug 2020 03:34:26 GMT","server":"ESF","cache-control":"private","x-xss-protection":"0","x-frame-options":"SAMEORIGIN","x-content-type-options":"nosniff","alt-svc":"h3-29=\":443\"; ma=2592000,h3-27=\":443\"; ma=2592000,h3-T050=\":443\"; ma=2592000,h3-Q050=\":443\"; ma=2592000,h3-Q046=\":443\"; ma=2592000,h3-Q043=\":443\"; ma=2592000,quic=\":443\"; ma=2592000; v=\"46,43\"","accept-ranges":"none","transfer-encoding":"chunked"}
[debug] [2020-08-14T03:34:28.691Z] <<< HTTP RESPONSE 200 {"content-type":"application/json; charset=UTF-8","vary":"X-Origin, Referer, Origin,Accept-Encoding","date":"Fri, 14 Aug 2020 03:34:26 GMT","server":"ESF","cache-control":"private","x-xss-protection":"0","x-frame-options":"SAMEORIGIN","x-content-type-options":"nosniff","alt-svc":"h3-29=\":443\"; ma=2592000,h3-27=\":443\"; ma=2592000,h3-T050=\":443\"; ma=2592000,h3-Q050=\":443\"; ma=2592000,h3-Q046=\":443\"; ma=2592000,h3-Q043=\":443\"; ma=2592000,quic=\":443\"; ma=2592000; v=\"46,43\"","accept-ranges":"none","transfer-encoding":"chunked"}
[debug] [2020-08-14T03:34:28.759Z] <<< HTTP RESPONSE 200 {"content-type":"application/json; charset=UTF-8","vary":"X-Origin, Referer, Origin,Accept-Encoding","date":"Fri, 14 Aug 2020 03:34:26 GMT","server":"ESF","cache-control":"private","x-xss-protection":"0","x-frame-options":"SAMEORIGIN","x-content-type-options":"nosniff","alt-svc":"h3-29=\":443\"; ma=2592000,h3-27=\":443\"; ma=2592000,h3-T050=\":443\"; ma=2592000,h3-Q050=\":443\"; ma=2592000,h3-Q046=\":443\"; ma=2592000,h3-Q043=\":443\"; ma=2592000,quic=\":443\"; ma=2592000; v=\"46,43\"","accept-ranges":"none","transfer-encoding":"chunked"}
[debug] [2020-08-14T03:34:30.690Z] >>> HTTP REQUEST GET https://cloudfunctions.googleapis.com/v1/operations/Y3J5cHRvdXJscy91cy1jZW50cmFsMS9hcGkvVndoc0hnTzVneXM  
 
[debug] [2020-08-14T03:34:30.692Z] >>> HTTP REQUEST GET https://cloudfunctions.googleapis.com/v1/operations/Y3J5cHRvdXJscy91cy1jZW50cmFsMS9hZGRQb3N0VG9JbmRleC95dTg4SG5iQmlJQQ  
 
[debug] [2020-08-14T03:34:30.768Z] >>> HTTP REQUEST GET https://cloudfunctions.googleapis.com/v1/operations/Y3J5cHRvdXJscy91cy1jZW50cmFsMS9kZWxldGVPbGRJdGVtcy90b043QkVtS2Q2QQ  
 
[debug] [2020-08-14T03:34:30.833Z] <<< HTTP RESPONSE 200 {"content-type":"application/json; charset=UTF-8","vary":"X-Origin, Referer, Origin,Accept-Encoding","date":"Fri, 14 Aug 2020 03:34:28 GMT","server":"ESF","cache-control":"private","x-xss-protection":"0","x-frame-options":"SAMEORIGIN","x-content-type-options":"nosniff","alt-svc":"h3-29=\":443\"; ma=2592000,h3-27=\":443\"; ma=2592000,h3-T050=\":443\"; ma=2592000,h3-Q050=\":443\"; ma=2592000,h3-Q046=\":443\"; ma=2592000,h3-Q043=\":443\"; ma=2592000,quic=\":443\"; ma=2592000; v=\"46,43\"","accept-ranges":"none","transfer-encoding":"chunked"}
[debug] [2020-08-14T03:34:30.842Z] <<< HTTP RESPONSE 200 {"content-type":"application/json; charset=UTF-8","vary":"X-Origin, Referer, Origin,Accept-Encoding","date":"Fri, 14 Aug 2020 03:34:28 GMT","server":"ESF","cache-control":"private","x-xss-protection":"0","x-frame-options":"SAMEORIGIN","x-content-type-options":"nosniff","alt-svc":"h3-29=\":443\"; ma=2592000,h3-27=\":443\"; ma=2592000,h3-T050=\":443\"; ma=2592000,h3-Q050=\":443\"; ma=2592000,h3-Q046=\":443\"; ma=2592000,h3-Q043=\":443\"; ma=2592000,quic=\":443\"; ma=2592000; v=\"46,43\"","accept-ranges":"none","transfer-encoding":"chunked"}
[debug] [2020-08-14T03:34:30.916Z] <<< HTTP RESPONSE 200 {"content-type":"application/json; charset=UTF-8","vary":"X-Origin, Referer, Origin,Accept-Encoding","date":"Fri, 14 Aug 2020 03:34:28 GMT","server":"ESF","cache-control":"private","x-xss-protection":"0","x-frame-options":"SAMEORIGIN","x-content-type-options":"nosniff","alt-svc":"h3-29=\":443\"; ma=2592000,h3-27=\":443\"; ma=2592000,h3-T050=\":443\"; ma=2592000,h3-Q050=\":443\"; ma=2592000,h3-Q046=\":443\"; ma=2592000,h3-Q043=\":443\"; ma=2592000,quic=\":443\"; ma=2592000; v=\"46,43\"","accept-ranges":"none","transfer-encoding":"chunked"}
[debug] [2020-08-14T03:34:32.840Z] >>> HTTP REQUEST GET https://cloudfunctions.googleapis.com/v1/operations/Y3J5cHRvdXJscy91cy1jZW50cmFsMS9hZGRQb3N0VG9JbmRleC95dTg4SG5iQmlJQQ  
 
[debug] [2020-08-14T03:34:32.855Z] >>> HTTP REQUEST GET https://cloudfunctions.googleapis.com/v1/operations/Y3J5cHRvdXJscy91cy1jZW50cmFsMS9hcGkvVndoc0hnTzVneXM  
 
[debug] [2020-08-14T03:34:32.932Z] >>> HTTP REQUEST GET https://cloudfunctions.googleapis.com/v1/operations/Y3J5cHRvdXJscy91cy1jZW50cmFsMS9kZWxldGVPbGRJdGVtcy90b043QkVtS2Q2QQ  
 
[debug] [2020-08-14T03:34:32.992Z] <<< HTTP RESPONSE 200 {"content-type":"application/json; charset=UTF-8","vary":"X-Origin, Referer, Origin,Accept-Encoding","date":"Fri, 14 Aug 2020 03:34:30 GMT","server":"ESF","cache-control":"private","x-xss-protection":"0","x-frame-options":"SAMEORIGIN","x-content-type-options":"nosniff","alt-svc":"h3-29=\":443\"; ma=2592000,h3-27=\":443\"; ma=2592000,h3-T050=\":443\"; ma=2592000,h3-Q050=\":443\"; ma=2592000,h3-Q046=\":443\"; ma=2592000,h3-Q043=\":443\"; ma=2592000,quic=\":443\"; ma=2592000; v=\"46,43\"","accept-ranges":"none","transfer-encoding":"chunked"}
[debug] [2020-08-14T03:34:33.011Z] <<< HTTP RESPONSE 200 {"content-type":"application/json; charset=UTF-8","vary":"X-Origin, Referer, Origin,Accept-Encoding","date":"Fri, 14 Aug 2020 03:34:30 GMT","server":"ESF","cache-control":"private","x-xss-protection":"0","x-frame-options":"SAMEORIGIN","x-content-type-options":"nosniff","alt-svc":"h3-29=\":443\"; ma=2592000,h3-27=\":443\"; ma=2592000,h3-T050=\":443\"; ma=2592000,h3-Q050=\":443\"; ma=2592000,h3-Q046=\":443\"; ma=2592000,h3-Q043=\":443\"; ma=2592000,quic=\":443\"; ma=2592000; v=\"46,43\"","accept-ranges":"none","transfer-encoding":"chunked"}
[debug] [2020-08-14T03:34:33.082Z] <<< HTTP RESPONSE 200 {"content-type":"application/json; charset=UTF-8","vary":"X-Origin, Referer, Origin,Accept-Encoding","date":"Fri, 14 Aug 2020 03:34:30 GMT","server":"ESF","cache-control":"private","x-xss-protection":"0","x-frame-options":"SAMEORIGIN","x-content-type-options":"nosniff","alt-svc":"h3-29=\":443\"; ma=2592000,h3-27=\":443\"; ma=2592000,h3-T050=\":443\"; ma=2592000,h3-Q050=\":443\"; ma=2592000,h3-Q046=\":443\"; ma=2592000,h3-Q043=\":443\"; ma=2592000,quic=\":443\"; ma=2592000; v=\"46,43\"","accept-ranges":"none","transfer-encoding":"chunked"}
[debug] [2020-08-14T03:34:34.994Z] >>> HTTP REQUEST GET https://cloudfunctions.googleapis.com/v1/operations/Y3J5cHRvdXJscy91cy1jZW50cmFsMS9hZGRQb3N0VG9JbmRleC95dTg4SG5iQmlJQQ  
 
[debug] [2020-08-14T03:34:35.017Z] >>> HTTP REQUEST GET https://cloudfunctions.googleapis.com/v1/operations/Y3J5cHRvdXJscy91cy1jZW50cmFsMS9hcGkvVndoc0hnTzVneXM  
 
[debug] [2020-08-14T03:34:35.087Z] >>> HTTP REQUEST GET https://cloudfunctions.googleapis.com/v1/operations/Y3J5cHRvdXJscy91cy1jZW50cmFsMS9kZWxldGVPbGRJdGVtcy90b043QkVtS2Q2QQ  
 
[debug] [2020-08-14T03:34:35.153Z] <<< HTTP RESPONSE 200 {"content-type":"application/json; charset=UTF-8","vary":"X-Origin, Referer, Origin,Accept-Encoding","date":"Fri, 14 Aug 2020 03:34:32 GMT","server":"ESF","cache-control":"private","x-xss-protection":"0","x-frame-options":"SAMEORIGIN","x-content-type-options":"nosniff","alt-svc":"h3-29=\":443\"; ma=2592000,h3-27=\":443\"; ma=2592000,h3-T050=\":443\"; ma=2592000,h3-Q050=\":443\"; ma=2592000,h3-Q046=\":443\"; ma=2592000,h3-Q043=\":443\"; ma=2592000,quic=\":443\"; ma=2592000; v=\"46,43\"","accept-ranges":"none","transfer-encoding":"chunked"}
[debug] [2020-08-14T03:34:35.161Z] <<< HTTP RESPONSE 200 {"content-type":"application/json; charset=UTF-8","vary":"X-Origin, Referer, Origin,Accept-Encoding","date":"Fri, 14 Aug 2020 03:34:32 GMT","server":"ESF","cache-control":"private","x-xss-protection":"0","x-frame-options":"SAMEORIGIN","x-content-type-options":"nosniff","alt-svc":"h3-29=\":443\"; ma=2592000,h3-27=\":443\"; ma=2592000,h3-T050=\":443\"; ma=2592000,h3-Q050=\":443\"; ma=2592000,h3-Q046=\":443\"; ma=2592000,h3-Q043=\":443\"; ma=2592000,quic=\":443\"; ma=2592000; v=\"46,43\"","accept-ranges":"none","transfer-encoding":"chunked"}
[debug] [2020-08-14T03:34:35.243Z] <<< HTTP RESPONSE 200 {"content-type":"application/json; charset=UTF-8","vary":"X-Origin, Referer, Origin,Accept-Encoding","date":"Fri, 14 Aug 2020 03:34:32 GMT","server":"ESF","cache-control":"private","x-xss-protection":"0","x-frame-options":"SAMEORIGIN","x-content-type-options":"nosniff","alt-svc":"h3-29=\":443\"; ma=2592000,h3-27=\":443\"; ma=2592000,h3-T050=\":443\"; ma=2592000,h3-Q050=\":443\"; ma=2592000,h3-Q046=\":443\"; ma=2592000,h3-Q043=\":443\"; ma=2592000,quic=\":443\"; ma=2592000; v=\"46,43\"","accept-ranges":"none","transfer-encoding":"chunked"}
[debug] [2020-08-14T03:34:37.159Z] >>> HTTP REQUEST GET https://cloudfunctions.googleapis.com/v1/operations/Y3J5cHRvdXJscy91cy1jZW50cmFsMS9hcGkvVndoc0hnTzVneXM  
 
[debug] [2020-08-14T03:34:37.175Z] >>> HTTP REQUEST GET https://cloudfunctions.googleapis.com/v1/operations/Y3J5cHRvdXJscy91cy1jZW50cmFsMS9hZGRQb3N0VG9JbmRleC95dTg4SG5iQmlJQQ  
 
[debug] [2020-08-14T03:34:37.253Z] >>> HTTP REQUEST GET https://cloudfunctions.googleapis.com/v1/operations/Y3J5cHRvdXJscy91cy1jZW50cmFsMS9kZWxldGVPbGRJdGVtcy90b043QkVtS2Q2QQ  
 
[debug] [2020-08-14T03:34:37.298Z] <<< HTTP RESPONSE 200 {"content-type":"application/json; charset=UTF-8","vary":"X-Origin, Referer, Origin,Accept-Encoding","date":"Fri, 14 Aug 2020 03:34:34 GMT","server":"ESF","cache-control":"private","x-xss-protection":"0","x-frame-options":"SAMEORIGIN","x-content-type-options":"nosniff","alt-svc":"h3-29=\":443\"; ma=2592000,h3-27=\":443\"; ma=2592000,h3-T050=\":443\"; ma=2592000,h3-Q050=\":443\"; ma=2592000,h3-Q046=\":443\"; ma=2592000,h3-Q043=\":443\"; ma=2592000,quic=\":443\"; ma=2592000; v=\"46,43\"","accept-ranges":"none","transfer-encoding":"chunked"}
[debug] [2020-08-14T03:34:37.342Z] <<< HTTP RESPONSE 200 {"content-type":"application/json; charset=UTF-8","vary":"X-Origin, Referer, Origin,Accept-Encoding","date":"Fri, 14 Aug 2020 03:34:34 GMT","server":"ESF","cache-control":"private","x-xss-protection":"0","x-frame-options":"SAMEORIGIN","x-content-type-options":"nosniff","alt-svc":"h3-29=\":443\"; ma=2592000,h3-27=\":443\"; ma=2592000,h3-T050=\":443\"; ma=2592000,h3-Q050=\":443\"; ma=2592000,h3-Q046=\":443\"; ma=2592000,h3-Q043=\":443\"; ma=2592000,quic=\":443\"; ma=2592000; v=\"46,43\"","accept-ranges":"none","transfer-encoding":"chunked"}
[debug] [2020-08-14T03:34:37.414Z] <<< HTTP RESPONSE 200 {"content-type":"application/json; charset=UTF-8","vary":"X-Origin, Referer, Origin,Accept-Encoding","date":"Fri, 14 Aug 2020 03:34:34 GMT","server":"ESF","cache-control":"private","x-xss-protection":"0","x-frame-options":"SAMEORIGIN","x-content-type-options":"nosniff","alt-svc":"h3-29=\":443\"; ma=2592000,h3-27=\":443\"; ma=2592000,h3-T050=\":443\"; ma=2592000,h3-Q050=\":443\"; ma=2592000,h3-Q046=\":443\"; ma=2592000,h3-Q043=\":443\"; ma=2592000,quic=\":443\"; ma=2592000; v=\"46,43\"","accept-ranges":"none","transfer-encoding":"chunked"}
[debug] [2020-08-14T03:34:39.302Z] >>> HTTP REQUEST GET https://cloudfunctions.googleapis.com/v1/operations/Y3J5cHRvdXJscy91cy1jZW50cmFsMS9hcGkvVndoc0hnTzVneXM  
 
[debug] [2020-08-14T03:34:39.349Z] >>> HTTP REQUEST GET https://cloudfunctions.googleapis.com/v1/operations/Y3J5cHRvdXJscy91cy1jZW50cmFsMS9hZGRQb3N0VG9JbmRleC95dTg4SG5iQmlJQQ  
 
[debug] [2020-08-14T03:34:39.426Z] >>> HTTP REQUEST GET https://cloudfunctions.googleapis.com/v1/operations/Y3J5cHRvdXJscy91cy1jZW50cmFsMS9kZWxldGVPbGRJdGVtcy90b043QkVtS2Q2QQ  
 
[debug] [2020-08-14T03:34:39.495Z] <<< HTTP RESPONSE 200 {"content-type":"application/json; charset=UTF-8","vary":"X-Origin, Referer, Origin,Accept-Encoding","date":"Fri, 14 Aug 2020 03:34:36 GMT","server":"ESF","cache-control":"private","x-xss-protection":"0","x-frame-options":"SAMEORIGIN","x-content-type-options":"nosniff","alt-svc":"h3-29=\":443\"; ma=2592000,h3-27=\":443\"; ma=2592000,h3-T050=\":443\"; ma=2592000,h3-Q050=\":443\"; ma=2592000,h3-Q046=\":443\"; ma=2592000,h3-Q043=\":443\"; ma=2592000,quic=\":443\"; ma=2592000; v=\"46,43\"","accept-ranges":"none","transfer-encoding":"chunked"}
[debug] [2020-08-14T03:34:39.505Z] <<< HTTP RESPONSE 200 {"content-type":"application/json; charset=UTF-8","vary":"X-Origin, Referer, Origin,Accept-Encoding","date":"Fri, 14 Aug 2020 03:34:36 GMT","server":"ESF","cache-control":"private","x-xss-protection":"0","x-frame-options":"SAMEORIGIN","x-content-type-options":"nosniff","alt-svc":"h3-29=\":443\"; ma=2592000,h3-27=\":443\"; ma=2592000,h3-T050=\":443\"; ma=2592000,h3-Q050=\":443\"; ma=2592000,h3-Q046=\":443\"; ma=2592000,h3-Q043=\":443\"; ma=2592000,quic=\":443\"; ma=2592000; v=\"46,43\"","accept-ranges":"none","transfer-encoding":"chunked"}
[debug] [2020-08-14T03:34:39.575Z] <<< HTTP RESPONSE 200 {"content-type":"application/json; charset=UTF-8","vary":"X-Origin, Referer, Origin,Accept-Encoding","date":"Fri, 14 Aug 2020 03:34:37 GMT","server":"ESF","cache-control":"private","x-xss-protection":"0","x-frame-options":"SAMEORIGIN","x-content-type-options":"nosniff","alt-svc":"h3-29=\":443\"; ma=2592000,h3-27=\":443\"; ma=2592000,h3-T050=\":443\"; ma=2592000,h3-Q050=\":443\"; ma=2592000,h3-Q046=\":443\"; ma=2592000,h3-Q043=\":443\"; ma=2592000,quic=\":443\"; ma=2592000; v=\"46,43\"","accept-ranges":"none","transfer-encoding":"chunked"}
[debug] [2020-08-14T03:34:41.496Z] >>> HTTP REQUEST GET https://cloudfunctions.googleapis.com/v1/operations/Y3J5cHRvdXJscy91cy1jZW50cmFsMS9hcGkvVndoc0hnTzVneXM  
 
[debug] [2020-08-14T03:34:41.511Z] >>> HTTP REQUEST GET https://cloudfunctions.googleapis.com/v1/operations/Y3J5cHRvdXJscy91cy1jZW50cmFsMS9hZGRQb3N0VG9JbmRleC95dTg4SG5iQmlJQQ  
 
[debug] [2020-08-14T03:34:41.586Z] >>> HTTP REQUEST GET https://cloudfunctions.googleapis.com/v1/operations/Y3J5cHRvdXJscy91cy1jZW50cmFsMS9kZWxldGVPbGRJdGVtcy90b043QkVtS2Q2QQ  
 
[debug] [2020-08-14T03:34:41.662Z] <<< HTTP RESPONSE 200 {"content-type":"application/json; charset=UTF-8","vary":"X-Origin, Referer, Origin,Accept-Encoding","date":"Fri, 14 Aug 2020 03:34:39 GMT","server":"ESF","cache-control":"private","x-xss-protection":"0","x-frame-options":"SAMEORIGIN","x-content-type-options":"nosniff","alt-svc":"h3-29=\":443\"; ma=2592000,h3-27=\":443\"; ma=2592000,h3-T050=\":443\"; ma=2592000,h3-Q050=\":443\"; ma=2592000,h3-Q046=\":443\"; ma=2592000,h3-Q043=\":443\"; ma=2592000,quic=\":443\"; ma=2592000; v=\"46,43\"","accept-ranges":"none","transfer-encoding":"chunked"}
[debug] [2020-08-14T03:34:41.678Z] <<< HTTP RESPONSE 200 {"content-type":"application/json; charset=UTF-8","vary":"X-Origin, Referer, Origin,Accept-Encoding","date":"Fri, 14 Aug 2020 03:34:39 GMT","server":"ESF","cache-control":"private","x-xss-protection":"0","x-frame-options":"SAMEORIGIN","x-content-type-options":"nosniff","alt-svc":"h3-29=\":443\"; ma=2592000,h3-27=\":443\"; ma=2592000,h3-T050=\":443\"; ma=2592000,h3-Q050=\":443\"; ma=2592000,h3-Q046=\":443\"; ma=2592000,h3-Q043=\":443\"; ma=2592000,quic=\":443\"; ma=2592000; v=\"46,43\"","accept-ranges":"none","transfer-encoding":"chunked"}
[debug] [2020-08-14T03:34:41.775Z] <<< HTTP RESPONSE 200 {"content-type":"application/json; charset=UTF-8","vary":"X-Origin, Referer, Origin,Accept-Encoding","date":"Fri, 14 Aug 2020 03:34:39 GMT","server":"ESF","cache-control":"private","x-xss-protection":"0","x-frame-options":"SAMEORIGIN","x-content-type-options":"nosniff","alt-svc":"h3-29=\":443\"; ma=2592000,h3-27=\":443\"; ma=2592000,h3-T050=\":443\"; ma=2592000,h3-Q050=\":443\"; ma=2592000,h3-Q046=\":443\"; ma=2592000,h3-Q043=\":443\"; ma=2592000,quic=\":443\"; ma=2592000; v=\"46,43\"","accept-ranges":"none","transfer-encoding":"chunked"}
[debug] [2020-08-14T03:34:43.675Z] >>> HTTP REQUEST GET https://cloudfunctions.googleapis.com/v1/operations/Y3J5cHRvdXJscy91cy1jZW50cmFsMS9hcGkvVndoc0hnTzVneXM  
 
[debug] [2020-08-14T03:34:43.690Z] >>> HTTP REQUEST GET https://cloudfunctions.googleapis.com/v1/operations/Y3J5cHRvdXJscy91cy1jZW50cmFsMS9hZGRQb3N0VG9JbmRleC95dTg4SG5iQmlJQQ  
 
[debug] [2020-08-14T03:34:43.783Z] >>> HTTP REQUEST GET https://cloudfunctions.googleapis.com/v1/operations/Y3J5cHRvdXJscy91cy1jZW50cmFsMS9kZWxldGVPbGRJdGVtcy90b043QkVtS2Q2QQ  
 
[debug] [2020-08-14T03:34:43.846Z] <<< HTTP RESPONSE 200 {"content-type":"application/json; charset=UTF-8","vary":"X-Origin, Referer, Origin,Accept-Encoding","date":"Fri, 14 Aug 2020 03:34:41 GMT","server":"ESF","cache-control":"private","x-xss-protection":"0","x-frame-options":"SAMEORIGIN","x-content-type-options":"nosniff","alt-svc":"h3-29=\":443\"; ma=2592000,h3-27=\":443\"; ma=2592000,h3-T050=\":443\"; ma=2592000,h3-Q050=\":443\"; ma=2592000,h3-Q046=\":443\"; ma=2592000,h3-Q043=\":443\"; ma=2592000,quic=\":443\"; ma=2592000; v=\"46,43\"","accept-ranges":"none","transfer-encoding":"chunked"}
[debug] [2020-08-14T03:34:43.861Z] <<< HTTP RESPONSE 200 {"content-type":"application/json; charset=UTF-8","vary":"X-Origin, Referer, Origin,Accept-Encoding","date":"Fri, 14 Aug 2020 03:34:41 GMT","server":"ESF","cache-control":"private","x-xss-protection":"0","x-frame-options":"SAMEORIGIN","x-content-type-options":"nosniff","alt-svc":"h3-29=\":443\"; ma=2592000,h3-27=\":443\"; ma=2592000,h3-T050=\":443\"; ma=2592000,h3-Q050=\":443\"; ma=2592000,h3-Q046=\":443\"; ma=2592000,h3-Q043=\":443\"; ma=2592000,quic=\":443\"; ma=2592000; v=\"46,43\"","accept-ranges":"none","transfer-encoding":"chunked"}
[debug] [2020-08-14T03:34:43.975Z] <<< HTTP RESPONSE 200 {"content-type":"application/json; charset=UTF-8","vary":"X-Origin, Referer, Origin,Accept-Encoding","date":"Fri, 14 Aug 2020 03:34:41 GMT","server":"ESF","cache-control":"private","x-xss-protection":"0","x-frame-options":"SAMEORIGIN","x-content-type-options":"nosniff","alt-svc":"h3-29=\":443\"; ma=2592000,h3-27=\":443\"; ma=2592000,h3-T050=\":443\"; ma=2592000,h3-Q050=\":443\"; ma=2592000,h3-Q046=\":443\"; ma=2592000,h3-Q043=\":443\"; ma=2592000,quic=\":443\"; ma=2592000; v=\"46,43\"","accept-ranges":"none","transfer-encoding":"chunked"}
[debug] [2020-08-14T03:34:45.853Z] >>> HTTP REQUEST GET https://cloudfunctions.googleapis.com/v1/operations/Y3J5cHRvdXJscy91cy1jZW50cmFsMS9hZGRQb3N0VG9JbmRleC95dTg4SG5iQmlJQQ  
 
[debug] [2020-08-14T03:34:45.869Z] >>> HTTP REQUEST GET https://cloudfunctions.googleapis.com/v1/operations/Y3J5cHRvdXJscy91cy1jZW50cmFsMS9hcGkvVndoc0hnTzVneXM  
 
[debug] [2020-08-14T03:34:45.976Z] >>> HTTP REQUEST GET https://cloudfunctions.googleapis.com/v1/operations/Y3J5cHRvdXJscy91cy1jZW50cmFsMS9kZWxldGVPbGRJdGVtcy90b043QkVtS2Q2QQ  
 
[debug] [2020-08-14T03:34:46.014Z] <<< HTTP RESPONSE 200 {"content-type":"application/json; charset=UTF-8","vary":"X-Origin, Referer, Origin,Accept-Encoding","date":"Fri, 14 Aug 2020 03:34:43 GMT","server":"ESF","cache-control":"private","x-xss-protection":"0","x-frame-options":"SAMEORIGIN","x-content-type-options":"nosniff","alt-svc":"h3-29=\":443\"; ma=2592000,h3-27=\":443\"; ma=2592000,h3-T050=\":443\"; ma=2592000,h3-Q050=\":443\"; ma=2592000,h3-Q046=\":443\"; ma=2592000,h3-Q043=\":443\"; ma=2592000,quic=\":443\"; ma=2592000; v=\"46,43\"","accept-ranges":"none","transfer-encoding":"chunked"}
[debug] [2020-08-14T03:34:46.027Z] <<< HTTP RESPONSE 200 {"content-type":"application/json; charset=UTF-8","vary":"X-Origin, Referer, Origin,Accept-Encoding","date":"Fri, 14 Aug 2020 03:34:43 GMT","server":"ESF","cache-control":"private","x-xss-protection":"0","x-frame-options":"SAMEORIGIN","x-content-type-options":"nosniff","alt-svc":"h3-29=\":443\"; ma=2592000,h3-27=\":443\"; ma=2592000,h3-T050=\":443\"; ma=2592000,h3-Q050=\":443\"; ma=2592000,h3-Q046=\":443\"; ma=2592000,h3-Q043=\":443\"; ma=2592000,quic=\":443\"; ma=2592000; v=\"46,43\"","accept-ranges":"none","transfer-encoding":"chunked"}
[debug] [2020-08-14T03:34:46.125Z] <<< HTTP RESPONSE 200 {"content-type":"application/json; charset=UTF-8","vary":"X-Origin, Referer, Origin,Accept-Encoding","date":"Fri, 14 Aug 2020 03:34:43 GMT","server":"ESF","cache-control":"private","x-xss-protection":"0","x-frame-options":"SAMEORIGIN","x-content-type-options":"nosniff","alt-svc":"h3-29=\":443\"; ma=2592000,h3-27=\":443\"; ma=2592000,h3-T050=\":443\"; ma=2592000,h3-Q050=\":443\"; ma=2592000,h3-Q046=\":443\"; ma=2592000,h3-Q043=\":443\"; ma=2592000,quic=\":443\"; ma=2592000; v=\"46,43\"","accept-ranges":"none","transfer-encoding":"chunked"}
[debug] [2020-08-14T03:34:48.021Z] >>> HTTP REQUEST GET https://cloudfunctions.googleapis.com/v1/operations/Y3J5cHRvdXJscy91cy1jZW50cmFsMS9hcGkvVndoc0hnTzVneXM  
 
[debug] [2020-08-14T03:34:48.037Z] >>> HTTP REQUEST GET https://cloudfunctions.googleapis.com/v1/operations/Y3J5cHRvdXJscy91cy1jZW50cmFsMS9hZGRQb3N0VG9JbmRleC95dTg4SG5iQmlJQQ  
 
[debug] [2020-08-14T03:34:48.132Z] >>> HTTP REQUEST GET https://cloudfunctions.googleapis.com/v1/operations/Y3J5cHRvdXJscy91cy1jZW50cmFsMS9kZWxldGVPbGRJdGVtcy90b043QkVtS2Q2QQ  
 
[debug] [2020-08-14T03:34:48.151Z] <<< HTTP RESPONSE 200 {"content-type":"application/json; charset=UTF-8","vary":"X-Origin, Referer, Origin,Accept-Encoding","date":"Fri, 14 Aug 2020 03:34:45 GMT","server":"ESF","cache-control":"private","x-xss-protection":"0","x-frame-options":"SAMEORIGIN","x-content-type-options":"nosniff","alt-svc":"h3-29=\":443\"; ma=2592000,h3-27=\":443\"; ma=2592000,h3-T050=\":443\"; ma=2592000,h3-Q050=\":443\"; ma=2592000,h3-Q046=\":443\"; ma=2592000,h3-Q043=\":443\"; ma=2592000,quic=\":443\"; ma=2592000; v=\"46,43\"","accept-ranges":"none","transfer-encoding":"chunked"}
[debug] [2020-08-14T03:34:48.184Z] <<< HTTP RESPONSE 200 {"content-type":"application/json; charset=UTF-8","vary":"X-Origin, Referer, Origin,Accept-Encoding","date":"Fri, 14 Aug 2020 03:34:45 GMT","server":"ESF","cache-control":"private","x-xss-protection":"0","x-frame-options":"SAMEORIGIN","x-content-type-options":"nosniff","alt-svc":"h3-29=\":443\"; ma=2592000,h3-27=\":443\"; ma=2592000,h3-T050=\":443\"; ma=2592000,h3-Q050=\":443\"; ma=2592000,h3-Q046=\":443\"; ma=2592000,h3-Q043=\":443\"; ma=2592000,quic=\":443\"; ma=2592000; v=\"46,43\"","accept-ranges":"none","transfer-encoding":"chunked"}
[debug] [2020-08-14T03:34:48.291Z] <<< HTTP RESPONSE 200 {"content-type":"application/json; charset=UTF-8","vary":"X-Origin, Referer, Origin,Accept-Encoding","date":"Fri, 14 Aug 2020 03:34:45 GMT","server":"ESF","cache-control":"private","x-xss-protection":"0","x-frame-options":"SAMEORIGIN","x-content-type-options":"nosniff","alt-svc":"h3-29=\":443\"; ma=2592000,h3-27=\":443\"; ma=2592000,h3-T050=\":443\"; ma=2592000,h3-Q050=\":443\"; ma=2592000,h3-Q046=\":443\"; ma=2592000,h3-Q043=\":443\"; ma=2592000,quic=\":443\"; ma=2592000; v=\"46,43\"","accept-ranges":"none","transfer-encoding":"chunked"}
[debug] [2020-08-14T03:34:50.156Z] >>> HTTP REQUEST GET https://cloudfunctions.googleapis.com/v1/operations/Y3J5cHRvdXJscy91cy1jZW50cmFsMS9hcGkvVndoc0hnTzVneXM  
 
[debug] [2020-08-14T03:34:50.186Z] >>> HTTP REQUEST GET https://cloudfunctions.googleapis.com/v1/operations/Y3J5cHRvdXJscy91cy1jZW50cmFsMS9hZGRQb3N0VG9JbmRleC95dTg4SG5iQmlJQQ  
 
[debug] [2020-08-14T03:34:50.296Z] >>> HTTP REQUEST GET https://cloudfunctions.googleapis.com/v1/operations/Y3J5cHRvdXJscy91cy1jZW50cmFsMS9kZWxldGVPbGRJdGVtcy90b043QkVtS2Q2QQ  
 
[debug] [2020-08-14T03:34:50.317Z] <<< HTTP RESPONSE 200 {"content-type":"application/json; charset=UTF-8","vary":"X-Origin, Referer, Origin,Accept-Encoding","date":"Fri, 14 Aug 2020 03:34:47 GMT","server":"ESF","cache-control":"private","x-xss-protection":"0","x-frame-options":"SAMEORIGIN","x-content-type-options":"nosniff","alt-svc":"h3-29=\":443\"; ma=2592000,h3-27=\":443\"; ma=2592000,h3-T050=\":443\"; ma=2592000,h3-Q050=\":443\"; ma=2592000,h3-Q046=\":443\"; ma=2592000,h3-Q043=\":443\"; ma=2592000,quic=\":443\"; ma=2592000; v=\"46,43\"","accept-ranges":"none","transfer-encoding":"chunked"}
[debug] [2020-08-14T03:34:50.318Z] <<< HTTP RESPONSE 200 {"content-type":"application/json; charset=UTF-8","vary":"X-Origin, Referer, Origin,Accept-Encoding","date":"Fri, 14 Aug 2020 03:34:47 GMT","server":"ESF","cache-control":"private","x-xss-protection":"0","x-frame-options":"SAMEORIGIN","x-content-type-options":"nosniff","alt-svc":"h3-29=\":443\"; ma=2592000,h3-27=\":443\"; ma=2592000,h3-T050=\":443\"; ma=2592000,h3-Q050=\":443\"; ma=2592000,h3-Q046=\":443\"; ma=2592000,h3-Q043=\":443\"; ma=2592000,quic=\":443\"; ma=2592000; v=\"46,43\"","accept-ranges":"none","transfer-encoding":"chunked"}
[debug] [2020-08-14T03:34:50.425Z] <<< HTTP RESPONSE 200 {"content-type":"application/json; charset=UTF-8","vary":"X-Origin, Referer, Origin,Accept-Encoding","date":"Fri, 14 Aug 2020 03:34:47 GMT","server":"ESF","cache-control":"private","x-xss-protection":"0","x-frame-options":"SAMEORIGIN","x-content-type-options":"nosniff","alt-svc":"h3-29=\":443\"; ma=2592000,h3-27=\":443\"; ma=2592000,h3-T050=\":443\"; ma=2592000,h3-Q050=\":443\"; ma=2592000,h3-Q046=\":443\"; ma=2592000,h3-Q043=\":443\"; ma=2592000,quic=\":443\"; ma=2592000; v=\"46,43\"","accept-ranges":"none","transfer-encoding":"chunked"}
[debug] [2020-08-14T03:34:52.318Z] >>> HTTP REQUEST GET https://cloudfunctions.googleapis.com/v1/operations/Y3J5cHRvdXJscy91cy1jZW50cmFsMS9hZGRQb3N0VG9JbmRleC95dTg4SG5iQmlJQQ  
 
[debug] [2020-08-14T03:34:52.319Z] >>> HTTP REQUEST GET https://cloudfunctions.googleapis.com/v1/operations/Y3J5cHRvdXJscy91cy1jZW50cmFsMS9hcGkvVndoc0hnTzVneXM  
 
[debug] [2020-08-14T03:34:52.427Z] >>> HTTP REQUEST GET https://cloudfunctions.googleapis.com/v1/operations/Y3J5cHRvdXJscy91cy1jZW50cmFsMS9kZWxldGVPbGRJdGVtcy90b043QkVtS2Q2QQ  
 
[debug] [2020-08-14T03:34:52.594Z] <<< HTTP RESPONSE 200 {"content-type":"application/json; charset=UTF-8","vary":"X-Origin, Referer, Origin,Accept-Encoding","date":"Fri, 14 Aug 2020 03:34:50 GMT","server":"ESF","cache-control":"private","x-xss-protection":"0","x-frame-options":"SAMEORIGIN","x-content-type-options":"nosniff","alt-svc":"h3-29=\":443\"; ma=2592000,h3-27=\":443\"; ma=2592000,h3-T050=\":443\"; ma=2592000,h3-Q050=\":443\"; ma=2592000,h3-Q046=\":443\"; ma=2592000,h3-Q043=\":443\"; ma=2592000,quic=\":443\"; ma=2592000; v=\"46,43\"","accept-ranges":"none","transfer-encoding":"chunked"}
[debug] [2020-08-14T03:34:52.601Z] <<< HTTP RESPONSE 200 {"content-type":"application/json; charset=UTF-8","vary":"X-Origin, Referer, Origin,Accept-Encoding","date":"Fri, 14 Aug 2020 03:34:50 GMT","server":"ESF","cache-control":"private","x-xss-protection":"0","x-frame-options":"SAMEORIGIN","x-content-type-options":"nosniff","alt-svc":"h3-29=\":443\"; ma=2592000,h3-27=\":443\"; ma=2592000,h3-T050=\":443\"; ma=2592000,h3-Q050=\":443\"; ma=2592000,h3-Q046=\":443\"; ma=2592000,h3-Q043=\":443\"; ma=2592000,quic=\":443\"; ma=2592000; v=\"46,43\"","accept-ranges":"none","transfer-encoding":"chunked"}
[debug] [2020-08-14T03:34:52.630Z] <<< HTTP RESPONSE 200 {"content-type":"application/json; charset=UTF-8","vary":"X-Origin, Referer, Origin,Accept-Encoding","date":"Fri, 14 Aug 2020 03:34:50 GMT","server":"ESF","cache-control":"private","x-xss-protection":"0","x-frame-options":"SAMEORIGIN","x-content-type-options":"nosniff","alt-svc":"h3-29=\":443\"; ma=2592000,h3-27=\":443\"; ma=2592000,h3-T050=\":443\"; ma=2592000,h3-Q050=\":443\"; ma=2592000,h3-Q046=\":443\"; ma=2592000,h3-Q043=\":443\"; ma=2592000,quic=\":443\"; ma=2592000; v=\"46,43\"","accept-ranges":"none","transfer-encoding":"chunked"}
[debug] [2020-08-14T03:34:54.611Z] >>> HTTP REQUEST GET https://cloudfunctions.googleapis.com/v1/operations/Y3J5cHRvdXJscy91cy1jZW50cmFsMS9hcGkvVndoc0hnTzVneXM  
 
[debug] [2020-08-14T03:34:54.611Z] >>> HTTP REQUEST GET https://cloudfunctions.googleapis.com/v1/operations/Y3J5cHRvdXJscy91cy1jZW50cmFsMS9kZWxldGVPbGRJdGVtcy90b043QkVtS2Q2QQ  
 
[debug] [2020-08-14T03:34:54.635Z] >>> HTTP REQUEST GET https://cloudfunctions.googleapis.com/v1/operations/Y3J5cHRvdXJscy91cy1jZW50cmFsMS9hZGRQb3N0VG9JbmRleC95dTg4SG5iQmlJQQ  
 
[debug] [2020-08-14T03:34:54.739Z] <<< HTTP RESPONSE 200 {"content-type":"application/json; charset=UTF-8","vary":"X-Origin, Referer, Origin,Accept-Encoding","date":"Fri, 14 Aug 2020 03:34:52 GMT","server":"ESF","cache-control":"private","x-xss-protection":"0","x-frame-options":"SAMEORIGIN","x-content-type-options":"nosniff","alt-svc":"h3-29=\":443\"; ma=2592000,h3-27=\":443\"; ma=2592000,h3-T050=\":443\"; ma=2592000,h3-Q050=\":443\"; ma=2592000,h3-Q046=\":443\"; ma=2592000,h3-Q043=\":443\"; ma=2592000,quic=\":443\"; ma=2592000; v=\"46,43\"","accept-ranges":"none","transfer-encoding":"chunked"}
[debug] [2020-08-14T03:34:54.781Z] <<< HTTP RESPONSE 200 {"content-type":"application/json; charset=UTF-8","vary":"X-Origin, Referer, Origin,Accept-Encoding","date":"Fri, 14 Aug 2020 03:34:52 GMT","server":"ESF","cache-control":"private","x-xss-protection":"0","x-frame-options":"SAMEORIGIN","x-content-type-options":"nosniff","alt-svc":"h3-29=\":443\"; ma=2592000,h3-27=\":443\"; ma=2592000,h3-T050=\":443\"; ma=2592000,h3-Q050=\":443\"; ma=2592000,h3-Q046=\":443\"; ma=2592000,h3-Q043=\":443\"; ma=2592000,quic=\":443\"; ma=2592000; v=\"46,43\"","accept-ranges":"none","transfer-encoding":"chunked"}
[debug] [2020-08-14T03:34:54.784Z] <<< HTTP RESPONSE 200 {"content-type":"application/json; charset=UTF-8","vary":"X-Origin, Referer, Origin,Accept-Encoding","date":"Fri, 14 Aug 2020 03:34:52 GMT","server":"ESF","cache-control":"private","x-xss-protection":"0","x-frame-options":"SAMEORIGIN","x-content-type-options":"nosniff","alt-svc":"h3-29=\":443\"; ma=2592000,h3-27=\":443\"; ma=2592000,h3-T050=\":443\"; ma=2592000,h3-Q050=\":443\"; ma=2592000,h3-Q046=\":443\"; ma=2592000,h3-Q043=\":443\"; ma=2592000,quic=\":443\"; ma=2592000; v=\"46,43\"","accept-ranges":"none","transfer-encoding":"chunked"}
[debug] [2020-08-14T03:34:56.748Z] >>> HTTP REQUEST GET https://cloudfunctions.googleapis.com/v1/operations/Y3J5cHRvdXJscy91cy1jZW50cmFsMS9hcGkvVndoc0hnTzVneXM  
 
[debug] [2020-08-14T03:34:56.790Z] >>> HTTP REQUEST GET https://cloudfunctions.googleapis.com/v1/operations/Y3J5cHRvdXJscy91cy1jZW50cmFsMS9hZGRQb3N0VG9JbmRleC95dTg4SG5iQmlJQQ  
 
[debug] [2020-08-14T03:34:56.791Z] >>> HTTP REQUEST GET https://cloudfunctions.googleapis.com/v1/operations/Y3J5cHRvdXJscy91cy1jZW50cmFsMS9kZWxldGVPbGRJdGVtcy90b043QkVtS2Q2QQ  
 
[debug] [2020-08-14T03:34:56.909Z] <<< HTTP RESPONSE 200 {"content-type":"application/json; charset=UTF-8","vary":"X-Origin, Referer, Origin,Accept-Encoding","date":"Fri, 14 Aug 2020 03:34:54 GMT","server":"ESF","cache-control":"private","x-xss-protection":"0","x-frame-options":"SAMEORIGIN","x-content-type-options":"nosniff","alt-svc":"h3-29=\":443\"; ma=2592000,h3-27=\":443\"; ma=2592000,h3-T050=\":443\"; ma=2592000,h3-Q050=\":443\"; ma=2592000,h3-Q046=\":443\"; ma=2592000,h3-Q043=\":443\"; ma=2592000,quic=\":443\"; ma=2592000; v=\"46,43\"","accept-ranges":"none","transfer-encoding":"chunked"}
[debug] [2020-08-14T03:34:56.946Z] <<< HTTP RESPONSE 200 {"content-type":"application/json; charset=UTF-8","vary":"X-Origin, Referer, Origin,Accept-Encoding","date":"Fri, 14 Aug 2020 03:34:54 GMT","server":"ESF","cache-control":"private","x-xss-protection":"0","x-frame-options":"SAMEORIGIN","x-content-type-options":"nosniff","alt-svc":"h3-29=\":443\"; ma=2592000,h3-27=\":443\"; ma=2592000,h3-T050=\":443\"; ma=2592000,h3-Q050=\":443\"; ma=2592000,h3-Q046=\":443\"; ma=2592000,h3-Q043=\":443\"; ma=2592000,quic=\":443\"; ma=2592000; v=\"46,43\"","accept-ranges":"none","transfer-encoding":"chunked"}
[debug] [2020-08-14T03:34:56.948Z] <<< HTTP RESPONSE 200 {"content-type":"application/json; charset=UTF-8","vary":"X-Origin, Referer, Origin,Accept-Encoding","date":"Fri, 14 Aug 2020 03:34:54 GMT","server":"ESF","cache-control":"private","x-xss-protection":"0","x-frame-options":"SAMEORIGIN","x-content-type-options":"nosniff","alt-svc":"h3-29=\":443\"; ma=2592000,h3-27=\":443\"; ma=2592000,h3-T050=\":443\"; ma=2592000,h3-Q050=\":443\"; ma=2592000,h3-Q046=\":443\"; ma=2592000,h3-Q043=\":443\"; ma=2592000,quic=\":443\"; ma=2592000; v=\"46,43\"","accept-ranges":"none","transfer-encoding":"chunked"}
[debug] [2020-08-14T03:34:58.923Z] >>> HTTP REQUEST GET https://cloudfunctions.googleapis.com/v1/operations/Y3J5cHRvdXJscy91cy1jZW50cmFsMS9hcGkvVndoc0hnTzVneXM  
 
[debug] [2020-08-14T03:34:58.947Z] >>> HTTP REQUEST GET https://cloudfunctions.googleapis.com/v1/operations/Y3J5cHRvdXJscy91cy1jZW50cmFsMS9kZWxldGVPbGRJdGVtcy90b043QkVtS2Q2QQ  
 
[debug] [2020-08-14T03:34:58.948Z] >>> HTTP REQUEST GET https://cloudfunctions.googleapis.com/v1/operations/Y3J5cHRvdXJscy91cy1jZW50cmFsMS9hZGRQb3N0VG9JbmRleC95dTg4SG5iQmlJQQ  
 
[debug] [2020-08-14T03:34:59.075Z] <<< HTTP RESPONSE 200 {"content-type":"application/json; charset=UTF-8","vary":"X-Origin, Referer, Origin,Accept-Encoding","date":"Fri, 14 Aug 2020 03:34:56 GMT","server":"ESF","cache-control":"private","x-xss-protection":"0","x-frame-options":"SAMEORIGIN","x-content-type-options":"nosniff","alt-svc":"h3-29=\":443\"; ma=2592000,h3-27=\":443\"; ma=2592000,h3-T050=\":443\"; ma=2592000,h3-Q050=\":443\"; ma=2592000,h3-Q046=\":443\"; ma=2592000,h3-Q043=\":443\"; ma=2592000,quic=\":443\"; ma=2592000; v=\"46,43\"","accept-ranges":"none","transfer-encoding":"chunked"}
[debug] [2020-08-14T03:34:59.088Z] <<< HTTP RESPONSE 200 {"content-type":"application/json; charset=UTF-8","vary":"X-Origin, Referer, Origin,Accept-Encoding","date":"Fri, 14 Aug 2020 03:34:56 GMT","server":"ESF","cache-control":"private","x-xss-protection":"0","x-frame-options":"SAMEORIGIN","x-content-type-options":"nosniff","alt-svc":"h3-29=\":443\"; ma=2592000,h3-27=\":443\"; ma=2592000,h3-T050=\":443\"; ma=2592000,h3-Q050=\":443\"; ma=2592000,h3-Q046=\":443\"; ma=2592000,h3-Q043=\":443\"; ma=2592000,quic=\":443\"; ma=2592000; v=\"46,43\"","accept-ranges":"none","transfer-encoding":"chunked"}
[debug] [2020-08-14T03:34:59.094Z] <<< HTTP RESPONSE 200 {"content-type":"application/json; charset=UTF-8","vary":"X-Origin, Referer, Origin,Accept-Encoding","date":"Fri, 14 Aug 2020 03:34:56 GMT","server":"ESF","cache-control":"private","x-xss-protection":"0","x-frame-options":"SAMEORIGIN","x-content-type-options":"nosniff","alt-svc":"h3-29=\":443\"; ma=2592000,h3-27=\":443\"; ma=2592000,h3-T050=\":443\"; ma=2592000,h3-Q050=\":443\"; ma=2592000,h3-Q046=\":443\"; ma=2592000,h3-Q043=\":443\"; ma=2592000,quic=\":443\"; ma=2592000; v=\"46,43\"","accept-ranges":"none","transfer-encoding":"chunked"}
[debug] [2020-08-14T03:35:01.087Z] >>> HTTP REQUEST GET https://cloudfunctions.googleapis.com/v1/operations/Y3J5cHRvdXJscy91cy1jZW50cmFsMS9kZWxldGVPbGRJdGVtcy90b043QkVtS2Q2QQ  
 
[debug] [2020-08-14T03:35:01.089Z] >>> HTTP REQUEST GET https://cloudfunctions.googleapis.com/v1/operations/Y3J5cHRvdXJscy91cy1jZW50cmFsMS9hZGRQb3N0VG9JbmRleC95dTg4SG5iQmlJQQ  
 
[debug] [2020-08-14T03:35:01.102Z] >>> HTTP REQUEST GET https://cloudfunctions.googleapis.com/v1/operations/Y3J5cHRvdXJscy91cy1jZW50cmFsMS9hcGkvVndoc0hnTzVneXM  
 
[debug] [2020-08-14T03:35:01.227Z] <<< HTTP RESPONSE 200 {"content-type":"application/json; charset=UTF-8","vary":"X-Origin, Referer, Origin,Accept-Encoding","date":"Fri, 14 Aug 2020 03:34:58 GMT","server":"ESF","cache-control":"private","x-xss-protection":"0","x-frame-options":"SAMEORIGIN","x-content-type-options":"nosniff","alt-svc":"h3-29=\":443\"; ma=2592000,h3-27=\":443\"; ma=2592000,h3-T050=\":443\"; ma=2592000,h3-Q050=\":443\"; ma=2592000,h3-Q046=\":443\"; ma=2592000,h3-Q043=\":443\"; ma=2592000,quic=\":443\"; ma=2592000; v=\"46,43\"","accept-ranges":"none","transfer-encoding":"chunked"}
[debug] [2020-08-14T03:35:01.244Z] <<< HTTP RESPONSE 200 {"content-type":"application/json; charset=UTF-8","vary":"X-Origin, Referer, Origin,Accept-Encoding","date":"Fri, 14 Aug 2020 03:34:58 GMT","server":"ESF","cache-control":"private","x-xss-protection":"0","x-frame-options":"SAMEORIGIN","x-content-type-options":"nosniff","alt-svc":"h3-29=\":443\"; ma=2592000,h3-27=\":443\"; ma=2592000,h3-T050=\":443\"; ma=2592000,h3-Q050=\":443\"; ma=2592000,h3-Q046=\":443\"; ma=2592000,h3-Q043=\":443\"; ma=2592000,quic=\":443\"; ma=2592000; v=\"46,43\"","accept-ranges":"none","transfer-encoding":"chunked"}
[debug] [2020-08-14T03:35:01.265Z] <<< HTTP RESPONSE 200 {"content-type":"application/json; charset=UTF-8","vary":"X-Origin, Referer, Origin,Accept-Encoding","date":"Fri, 14 Aug 2020 03:34:58 GMT","server":"ESF","cache-control":"private","x-xss-protection":"0","x-frame-options":"SAMEORIGIN","x-content-type-options":"nosniff","alt-svc":"h3-29=\":443\"; ma=2592000,h3-27=\":443\"; ma=2592000,h3-T050=\":443\"; ma=2592000,h3-Q050=\":443\"; ma=2592000,h3-Q046=\":443\"; ma=2592000,h3-Q043=\":443\"; ma=2592000,quic=\":443\"; ma=2592000; v=\"46,43\"","accept-ranges":"none","transfer-encoding":"chunked"}
[debug] [2020-08-14T03:35:03.228Z] >>> HTTP REQUEST GET https://cloudfunctions.googleapis.com/v1/operations/Y3J5cHRvdXJscy91cy1jZW50cmFsMS9kZWxldGVPbGRJdGVtcy90b043QkVtS2Q2QQ  
 
[debug] [2020-08-14T03:35:03.253Z] >>> HTTP REQUEST GET https://cloudfunctions.googleapis.com/v1/operations/Y3J5cHRvdXJscy91cy1jZW50cmFsMS9hZGRQb3N0VG9JbmRleC95dTg4SG5iQmlJQQ  
 
[debug] [2020-08-14T03:35:03.275Z] >>> HTTP REQUEST GET https://cloudfunctions.googleapis.com/v1/operations/Y3J5cHRvdXJscy91cy1jZW50cmFsMS9hcGkvVndoc0hnTzVneXM  
 
[debug] [2020-08-14T03:35:03.394Z] <<< HTTP RESPONSE 200 {"content-type":"application/json; charset=UTF-8","vary":"X-Origin, Referer, Origin,Accept-Encoding","date":"Fri, 14 Aug 2020 03:35:00 GMT","server":"ESF","cache-control":"private","x-xss-protection":"0","x-frame-options":"SAMEORIGIN","x-content-type-options":"nosniff","alt-svc":"h3-29=\":443\"; ma=2592000,h3-27=\":443\"; ma=2592000,h3-T050=\":443\"; ma=2592000,h3-Q050=\":443\"; ma=2592000,h3-Q046=\":443\"; ma=2592000,h3-Q043=\":443\"; ma=2592000,quic=\":443\"; ma=2592000; v=\"46,43\"","accept-ranges":"none","transfer-encoding":"chunked"}
[debug] [2020-08-14T03:35:03.403Z] <<< HTTP RESPONSE 200 {"content-type":"application/json; charset=UTF-8","vary":"X-Origin, Referer, Origin,Accept-Encoding","date":"Fri, 14 Aug 2020 03:35:00 GMT","server":"ESF","cache-control":"private","x-xss-protection":"0","x-frame-options":"SAMEORIGIN","x-content-type-options":"nosniff","alt-svc":"h3-29=\":443\"; ma=2592000,h3-27=\":443\"; ma=2592000,h3-T050=\":443\"; ma=2592000,h3-Q050=\":443\"; ma=2592000,h3-Q046=\":443\"; ma=2592000,h3-Q043=\":443\"; ma=2592000,quic=\":443\"; ma=2592000; v=\"46,43\"","accept-ranges":"none","transfer-encoding":"chunked"}
[debug] [2020-08-14T03:35:03.404Z] <<< HTTP RESPONSE 200 {"content-type":"application/json; charset=UTF-8","vary":"X-Origin, Referer, Origin,Accept-Encoding","date":"Fri, 14 Aug 2020 03:35:00 GMT","server":"ESF","cache-control":"private","x-xss-protection":"0","x-frame-options":"SAMEORIGIN","x-content-type-options":"nosniff","alt-svc":"h3-29=\":443\"; ma=2592000,h3-27=\":443\"; ma=2592000,h3-T050=\":443\"; ma=2592000,h3-Q050=\":443\"; ma=2592000,h3-Q046=\":443\"; ma=2592000,h3-Q043=\":443\"; ma=2592000,quic=\":443\"; ma=2592000; v=\"46,43\"","accept-ranges":"none","transfer-encoding":"chunked"}
[debug] [2020-08-14T03:35:05.398Z] >>> HTTP REQUEST GET https://cloudfunctions.googleapis.com/v1/operations/Y3J5cHRvdXJscy91cy1jZW50cmFsMS9hZGRQb3N0VG9JbmRleC95dTg4SG5iQmlJQQ  
 
[debug] [2020-08-14T03:35:05.414Z] >>> HTTP REQUEST GET https://cloudfunctions.googleapis.com/v1/operations/Y3J5cHRvdXJscy91cy1jZW50cmFsMS9hcGkvVndoc0hnTzVneXM  
 
[debug] [2020-08-14T03:35:05.414Z] >>> HTTP REQUEST GET https://cloudfunctions.googleapis.com/v1/operations/Y3J5cHRvdXJscy91cy1jZW50cmFsMS9kZWxldGVPbGRJdGVtcy90b043QkVtS2Q2QQ  
 
[debug] [2020-08-14T03:35:05.553Z] <<< HTTP RESPONSE 200 {"content-type":"application/json; charset=UTF-8","vary":"X-Origin, Referer, Origin,Accept-Encoding","date":"Fri, 14 Aug 2020 03:35:03 GMT","server":"ESF","cache-control":"private","x-xss-protection":"0","x-frame-options":"SAMEORIGIN","x-content-type-options":"nosniff","alt-svc":"h3-29=\":443\"; ma=2592000,h3-27=\":443\"; ma=2592000,h3-T050=\":443\"; ma=2592000,h3-Q050=\":443\"; ma=2592000,h3-Q046=\":443\"; ma=2592000,h3-Q043=\":443\"; ma=2592000,quic=\":443\"; ma=2592000; v=\"46,43\"","accept-ranges":"none","transfer-encoding":"chunked"}
[debug] [2020-08-14T03:35:05.562Z] <<< HTTP RESPONSE 200 {"content-type":"application/json; charset=UTF-8","vary":"X-Origin, Referer, Origin,Accept-Encoding","date":"Fri, 14 Aug 2020 03:35:03 GMT","server":"ESF","cache-control":"private","x-xss-protection":"0","x-frame-options":"SAMEORIGIN","x-content-type-options":"nosniff","alt-svc":"h3-29=\":443\"; ma=2592000,h3-27=\":443\"; ma=2592000,h3-T050=\":443\"; ma=2592000,h3-Q050=\":443\"; ma=2592000,h3-Q046=\":443\"; ma=2592000,h3-Q043=\":443\"; ma=2592000,quic=\":443\"; ma=2592000; v=\"46,43\"","accept-ranges":"none","transfer-encoding":"chunked"}
[debug] [2020-08-14T03:35:05.563Z] <<< HTTP RESPONSE 200 {"content-type":"application/json; charset=UTF-8","vary":"X-Origin, Referer, Origin,Accept-Encoding","date":"Fri, 14 Aug 2020 03:35:03 GMT","server":"ESF","cache-control":"private","x-xss-protection":"0","x-frame-options":"SAMEORIGIN","x-content-type-options":"nosniff","alt-svc":"h3-29=\":443\"; ma=2592000,h3-27=\":443\"; ma=2592000,h3-T050=\":443\"; ma=2592000,h3-Q050=\":443\"; ma=2592000,h3-Q046=\":443\"; ma=2592000,h3-Q043=\":443\"; ma=2592000,quic=\":443\"; ma=2592000; v=\"46,43\"","accept-ranges":"none","transfer-encoding":"chunked"}
[debug] [2020-08-14T03:35:07.555Z] >>> HTTP REQUEST GET https://cloudfunctions.googleapis.com/v1/operations/Y3J5cHRvdXJscy91cy1jZW50cmFsMS9hcGkvVndoc0hnTzVneXM  
 
[debug] [2020-08-14T03:35:07.570Z] >>> HTTP REQUEST GET https://cloudfunctions.googleapis.com/v1/operations/Y3J5cHRvdXJscy91cy1jZW50cmFsMS9kZWxldGVPbGRJdGVtcy90b043QkVtS2Q2QQ  
 
[debug] [2020-08-14T03:35:07.570Z] >>> HTTP REQUEST GET https://cloudfunctions.googleapis.com/v1/operations/Y3J5cHRvdXJscy91cy1jZW50cmFsMS9hZGRQb3N0VG9JbmRleC95dTg4SG5iQmlJQQ  
 
[debug] [2020-08-14T03:35:07.702Z] <<< HTTP RESPONSE 200 {"content-type":"application/json; charset=UTF-8","vary":"X-Origin, Referer, Origin,Accept-Encoding","date":"Fri, 14 Aug 2020 03:35:05 GMT","server":"ESF","cache-control":"private","x-xss-protection":"0","x-frame-options":"SAMEORIGIN","x-content-type-options":"nosniff","alt-svc":"h3-29=\":443\"; ma=2592000,h3-27=\":443\"; ma=2592000,h3-T050=\":443\"; ma=2592000,h3-Q050=\":443\"; ma=2592000,h3-Q046=\":443\"; ma=2592000,h3-Q043=\":443\"; ma=2592000,quic=\":443\"; ma=2592000; v=\"46,43\"","accept-ranges":"none","transfer-encoding":"chunked"}
[debug] [2020-08-14T03:35:07.718Z] <<< HTTP RESPONSE 200 {"content-type":"application/json; charset=UTF-8","vary":"X-Origin, Referer, Origin,Accept-Encoding","date":"Fri, 14 Aug 2020 03:35:05 GMT","server":"ESF","cache-control":"private","x-xss-protection":"0","x-frame-options":"SAMEORIGIN","x-content-type-options":"nosniff","alt-svc":"h3-29=\":443\"; ma=2592000,h3-27=\":443\"; ma=2592000,h3-T050=\":443\"; ma=2592000,h3-Q050=\":443\"; ma=2592000,h3-Q046=\":443\"; ma=2592000,h3-Q043=\":443\"; ma=2592000,quic=\":443\"; ma=2592000; v=\"46,43\"","accept-ranges":"none","transfer-encoding":"chunked"}
[debug] [2020-08-14T03:35:07.719Z] <<< HTTP RESPONSE 200 {"content-type":"application/json; charset=UTF-8","vary":"X-Origin, Referer, Origin,Accept-Encoding","date":"Fri, 14 Aug 2020 03:35:05 GMT","server":"ESF","cache-control":"private","x-xss-protection":"0","x-frame-options":"SAMEORIGIN","x-content-type-options":"nosniff","alt-svc":"h3-29=\":443\"; ma=2592000,h3-27=\":443\"; ma=2592000,h3-T050=\":443\"; ma=2592000,h3-Q050=\":443\"; ma=2592000,h3-Q046=\":443\"; ma=2592000,h3-Q043=\":443\"; ma=2592000,quic=\":443\"; ma=2592000; v=\"46,43\"","accept-ranges":"none","transfer-encoding":"chunked"}
[debug] [2020-08-14T03:35:09.714Z] >>> HTTP REQUEST GET https://cloudfunctions.googleapis.com/v1/operations/Y3J5cHRvdXJscy91cy1jZW50cmFsMS9kZWxldGVPbGRJdGVtcy90b043QkVtS2Q2QQ  
 
[debug] [2020-08-14T03:35:09.730Z] >>> HTTP REQUEST GET https://cloudfunctions.googleapis.com/v1/operations/Y3J5cHRvdXJscy91cy1jZW50cmFsMS9hcGkvVndoc0hnTzVneXM  
 
[debug] [2020-08-14T03:35:09.730Z] >>> HTTP REQUEST GET https://cloudfunctions.googleapis.com/v1/operations/Y3J5cHRvdXJscy91cy1jZW50cmFsMS9hZGRQb3N0VG9JbmRleC95dTg4SG5iQmlJQQ  
 
[debug] [2020-08-14T03:35:09.859Z] <<< HTTP RESPONSE 200 {"content-type":"application/json; charset=UTF-8","vary":"X-Origin, Referer, Origin,Accept-Encoding","date":"Fri, 14 Aug 2020 03:35:07 GMT","server":"ESF","cache-control":"private","x-xss-protection":"0","x-frame-options":"SAMEORIGIN","x-content-type-options":"nosniff","alt-svc":"h3-29=\":443\"; ma=2592000,h3-27=\":443\"; ma=2592000,h3-T050=\":443\"; ma=2592000,h3-Q050=\":443\"; ma=2592000,h3-Q046=\":443\"; ma=2592000,h3-Q043=\":443\"; ma=2592000,quic=\":443\"; ma=2592000; v=\"46,43\"","accept-ranges":"none","transfer-encoding":"chunked"}
[debug] [2020-08-14T03:35:09.882Z] <<< HTTP RESPONSE 200 {"content-type":"application/json; charset=UTF-8","vary":"X-Origin, Referer, Origin,Accept-Encoding","date":"Fri, 14 Aug 2020 03:35:07 GMT","server":"ESF","cache-control":"private","x-xss-protection":"0","x-frame-options":"SAMEORIGIN","x-content-type-options":"nosniff","alt-svc":"h3-29=\":443\"; ma=2592000,h3-27=\":443\"; ma=2592000,h3-T050=\":443\"; ma=2592000,h3-Q050=\":443\"; ma=2592000,h3-Q046=\":443\"; ma=2592000,h3-Q043=\":443\"; ma=2592000,quic=\":443\"; ma=2592000; v=\"46,43\"","accept-ranges":"none","transfer-encoding":"chunked"}
[debug] [2020-08-14T03:35:09.886Z] <<< HTTP RESPONSE 200 {"content-type":"application/json; charset=UTF-8","vary":"X-Origin, Referer, Origin,Accept-Encoding","date":"Fri, 14 Aug 2020 03:35:07 GMT","server":"ESF","cache-control":"private","x-xss-protection":"0","x-frame-options":"SAMEORIGIN","x-content-type-options":"nosniff","alt-svc":"h3-29=\":443\"; ma=2592000,h3-27=\":443\"; ma=2592000,h3-T050=\":443\"; ma=2592000,h3-Q050=\":443\"; ma=2592000,h3-Q046=\":443\"; ma=2592000,h3-Q043=\":443\"; ma=2592000,quic=\":443\"; ma=2592000; v=\"46,43\"","accept-ranges":"none","transfer-encoding":"chunked"}
